#
# There is insufficient memory for the Java Runtime Environment to continue.
# Native memory allocation (mmap) failed to map 65536 bytes for Failed to commit area from 0x000001faebdd0000 to 0x000001faebde0000 of length 65536.
# Possible reasons:
#   The system is out of physical RAM or swap space
#   The process is running with CompressedOops enabled, and the Java Heap may be blocking the growth of the native heap
# Possible solutions:
#   Reduce memory load on the system
#   Increase physical memory or swap space
#   Check if swap backing store is full
#   Decrease Java heap size (-Xmx/-Xms)
#   Decrease number of Java threads
#   Decrease Java thread stack sizes (-Xss)
#   Set larger code cache with -XX:ReservedCodeCacheSize=
#   JVM is running with Unscaled Compressed Oops mode in which the Java heap is
#     placed in the first 4GB address space. The Java Heap base address is the
#     maximum limit for the native heap growth. Please use -XX:HeapBaseMinAddress
#     to set the Java Heap base and to place the Java Heap above 4GB virtual address.
# This output file may be truncated or incomplete.
#
#  Out of Memory Error (./src/hotspot/os/windows/os_windows.cpp:3303), pid=31284, tid=31152
#
# JRE version: OpenJDK Runtime Environment (11.0.8+10) (build 11.0.8+10-b944.6842174)
# Java VM: OpenJDK 64-Bit Server VM (11.0.8+10-b944.6842174, mixed mode, tiered, compressed oops, g1 gc, windows-amd64)
# No core dump will be written. Minidumps are not enabled by default on client versions of Windows
#

---------------  S U M M A R Y ------------

Command Line: --add-opens=java.base/java.util=ALL-UNNAMED --add-opens=java.base/java.lang=ALL-UNNAMED --add-opens=java.base/java.lang.invoke=ALL-UNNAMED --add-opens=java.prefs/java.util.prefs=ALL-UNNAMED -Xmx2048m -Dfile.encoding=UTF-8 -Duser.country=US -Duser.language=en -Duser.variant org.gradle.launcher.daemon.bootstrap.GradleDaemon 6.7.1

Host: Intel(R) Core(TM) i7-7500U CPU @ 2.70GHz, 4 cores, 7G,  Windows 10 , 64 bit Build 19041 (10.0.19041.1202)
Time: Thu Oct 28 14:59:53 2021 SE Asia Standard Time elapsed time: 43 seconds (0d 0h 0m 43s)

---------------  T H R E A D  ---------------

Current thread (0x000001faf1dda000):  VMThread "VM Thread" [stack: 0x000000422ba00000,0x000000422bb00000] [id=31152]

Stack: [0x000000422ba00000,0x000000422bb00000]
[error occurred during error reporting (printing stack bounds), id 0xc0000005, EXCEPTION_ACCESS_VIOLATION (0xc0000005) at pc=0x000001fadbd00dad]

Native frames: (J=compiled Java code, j=interpreted, Vv=VM code, C=native code)
V  [jvm.dll+0x5de50a]
V  [jvm.dll+0x7122f5]
V  [jvm.dll+0x71384d]
V  [jvm.dll+0x713e65]
V  [jvm.dll+0x713e1b]
V  [jvm.dll+0x5dd958]
V  [jvm.dll+0x5de0f8]
C  [ntdll.dll+0xa20cf]
C  [ntdll.dll+0x51454]
C  [ntdll.dll+0xa0bfe]
C  0x000001fadbd00dad

VM_Operation (0x00000042368fdff0): G1CollectForAllocation, mode: safepoint, requested by thread 0x000001faf4d3f000


---------------  P R O C E S S  ---------------

Threads class SMR info:
_java_thread_list=0x000001faf896ded0, length=171, elements={
0x000001fad837f000, 0x000001faf1dde800, 0x000001faf1ddf800, 0x000001faf2772800,
0x000001faf2773800, 0x000001faf1dfa800, 0x000001faf1dfd800, 0x000001faf1e1d000,
0x000001faf28c5800, 0x000001faf28f0000, 0x000001faf45ac000, 0x000001faf3938000,
0x000001faf3e34800, 0x000001faf4224800, 0x000001faf451e800, 0x000001faf41d2800,
0x000001faf467b000, 0x000001faf3aa2800, 0x000001faf4620800, 0x000001faf420d000,
0x000001faf420e800, 0x000001faf420d800, 0x000001faf420c000, 0x000001faf420f000,
0x000001faf4209800, 0x000001faf420a800, 0x000001faf420b000, 0x000001faf4210000,
0x000001faf6d73800, 0x000001faf6d6e800, 0x000001faf6d74000, 0x000001faf6d6f800,
0x000001faf6d75000, 0x000001faf6d71000, 0x000001faf6d76000, 0x000001faf6d70000,
0x000001faf6d76800, 0x000001faf6d77800, 0x000001faf6d72000, 0x000001faf6d79000,
0x000001faf6d78800, 0x000001faf6d7b800, 0x000001faf6d7d000, 0x000001faf6d7c800,
0x000001faf6d7a000, 0x000001faf6d7b000, 0x000001faf4896000, 0x000001faf4895800,
0x000001faf4893000, 0x000001faf4897000, 0x000001faf4892000, 0x000001faf4891000,
0x000001faf4897800, 0x000001faf4893800, 0x000001faf4898800, 0x000001faf4899800,
0x000001faf489a000, 0x000001faf4894800, 0x000001faf48a0000, 0x000001faf489b000,
0x000001faf489c800, 0x000001faf489d800, 0x000001faf489c000, 0x000001faf489e800,
0x000001faf489f000, 0x000001faf7183800, 0x000001faf717f800, 0x000001faf7180800,
0x000001faf7182000, 0x000001faf7181000, 0x000001faf7183000, 0x000001faf717e000,
0x000001faf7184800, 0x000001faf717e800, 0x000001faf7188800, 0x000001faf718a000,
0x000001faf7187000, 0x000001faf7189800, 0x000001faf7185000, 0x000001faf7187800,
0x000001faf718b000, 0x000001faf718c000, 0x000001faf7186000, 0x000001faf718c800,
0x000001faf2c28800, 0x000001faf2c29800, 0x000001faf2c27000, 0x000001faf2c24800,
0x000001faf2c28000, 0x000001faf2c2b000, 0x000001faf2c26000, 0x000001faf2c2a800,
0x000001faf2c25800, 0x000001faf2c2c000, 0x000001faf2c32800, 0x000001faf2c2f000,
0x000001faf2c2d800, 0x000001faf2c2c800, 0x000001faf2c31000, 0x000001faf2c31800,
0x000001faf2c33000, 0x000001faf2c2e800, 0x000001faf2c30000, 0x000001faf2e9a800,
0x000001faf2e9b800, 0x000001faf2e96000, 0x000001faf2e9a000, 0x000001faf2e9c800,
0x000001faf2e97800, 0x000001faf2e96800, 0x000001faf2e99000, 0x000001faf2e9d000,
0x000001faf2e9e000, 0x000001faf2e98800, 0x000001faf2ea1800, 0x000001faf2ea3800,
0x000001faf2ea0800, 0x000001faf2ea2000, 0x000001faf2ea4800, 0x000001faf2ea3000,
0x000001faf2e9f000, 0x000001faf2e9f800, 0x000001faf5298800, 0x000001faf5299800,
0x000001faf5295800, 0x000001faf529a000, 0x000001faf529b000, 0x000001faf529c000,
0x000001faf5296000, 0x000001faf529c800, 0x000001faf5297000, 0x000001faf529d800,
0x000001faf5298000, 0x000001faf52a1000, 0x000001faf52a2800, 0x000001faf529f000,
0x000001faf52a4000, 0x000001faf52a0000, 0x000001faf52a1800, 0x000001faf52a3000,
0x000001faf529e800, 0x000001faf7284000, 0x000001faf7280800, 0x000001faf727f800,
0x000001faf7281800, 0x000001faf7282000, 0x000001faf727e000, 0x000001faf7283000,
0x000001faf7284800, 0x000001faf727f000, 0x000001faf7287000, 0x000001faf7289800,
0x000001faf7288000, 0x000001faf7288800, 0x000001faf728a800, 0x000001faf7286000,
0x000001faf728c000, 0x000001faf728c800, 0x000001faf4d35000, 0x000001faf4d37800,
0x000001faf4d38800, 0x000001faf4d39000, 0x000001faf4d3a000, 0x000001faf4d34800,
0x000001faf4d36000, 0x000001faf4d37000, 0x000001faf4d3d800, 0x000001faf4d3e000,
0x000001faf4d3b800, 0x000001faf4d3f000, 0x000001faf4d40000
}

Java Threads: ( => current thread )
  0x000001fad837f000 JavaThread "main" [_thread_blocked, id=35012, stack(0x000000422b400000,0x000000422b500000)]
  0x000001faf1dde800 JavaThread "Reference Handler" daemon [_thread_blocked, id=34696, stack(0x000000422bb00000,0x000000422bc00000)]
  0x000001faf1ddf800 JavaThread "Finalizer" daemon [_thread_blocked, id=21748, stack(0x000000422bc00000,0x000000422bd00000)]
  0x000001faf2772800 JavaThread "Signal Dispatcher" daemon [_thread_blocked, id=35380, stack(0x000000422bd00000,0x000000422be00000)]
  0x000001faf2773800 JavaThread "Attach Listener" daemon [_thread_blocked, id=35108, stack(0x000000422be00000,0x000000422bf00000)]
  0x000001faf1dfa800 JavaThread "C2 CompilerThread0" daemon [_thread_blocked, id=31376, stack(0x000000422bf00000,0x000000422c000000)]
  0x000001faf1dfd800 JavaThread "C1 CompilerThread0" daemon [_thread_blocked, id=30616, stack(0x000000422c000000,0x000000422c100000)]
  0x000001faf1e1d000 JavaThread "Sweeper thread" daemon [_thread_blocked, id=35124, stack(0x000000422c100000,0x000000422c200000)]
  0x000001faf28c5800 JavaThread "Common-Cleaner" daemon [_thread_blocked, id=35184, stack(0x000000422c200000,0x000000422c300000)]
  0x000001faf28f0000 JavaThread "Service Thread" daemon [_thread_blocked, id=30136, stack(0x000000422c300000,0x000000422c400000)]
  0x000001faf45ac000 JavaThread "Daemon health stats" [_thread_blocked, id=25088, stack(0x000000422c800000,0x000000422c900000)]
  0x000001faf3938000 JavaThread "Incoming local TCP Connector on port 58414" [_thread_in_native, id=21640, stack(0x000000422ca00000,0x000000422cb00000)]
  0x000001faf3e34800 JavaThread "Daemon periodic checks" [_thread_blocked, id=31880, stack(0x000000422cb00000,0x000000422cc00000)]
  0x000001faf4224800 JavaThread "Daemon" [_thread_blocked, id=27368, stack(0x000000422cc00000,0x000000422cd00000)]
  0x000001faf451e800 JavaThread "Handler for socket connection from /127.0.0.1:58414 to /127.0.0.1:58415" [_thread_in_native, id=32364, stack(0x000000422cd00000,0x000000422ce00000)]
  0x000001faf41d2800 JavaThread "Cancel handler" [_thread_blocked, id=35160, stack(0x000000422ce00000,0x000000422cf00000)]
  0x000001faf467b000 JavaThread "Daemon worker" [_thread_blocked, id=35188, stack(0x000000422cf00000,0x000000422d000000)]
  0x000001faf3aa2800 JavaThread "Asynchronous log dispatcher for DefaultDaemonConnection: socket connection from /127.0.0.1:58414 to /127.0.0.1:58415" [_thread_blocked, id=35200, stack(0x000000422d000000,0x000000422d100000)]
  0x000001faf4620800 JavaThread "Stdin handler" [_thread_blocked, id=28276, stack(0x000000422d100000,0x000000422d200000)]
  0x000001faf420d000 JavaThread "Thread-8" [_thread_blocked, id=33244, stack(0x000000422d200000,0x000000422d300000)]
  0x000001faf420e800 JavaThread "Cache worker for file hash cache (C:\Users\DELL\.gradle\caches\6.7.1\fileHashes)" [_thread_blocked, id=30928, stack(0x000000422d500000,0x000000422d600000)]
  0x000001faf420d800 JavaThread "File lock request listener" [_thread_in_native, id=31872, stack(0x000000422d600000,0x000000422d700000)]
  0x000001faf420c000 JavaThread "Cache worker for journal cache (C:\Users\DELL\.gradle\caches\journal-1)" [_thread_blocked, id=30328, stack(0x000000422d300000,0x000000422d400000)]
  0x000001faf420f000 JavaThread "Cache worker for file hash cache (E:\code\BaiTapOTruong\TotNghiep\TheSocialNetworkApp\MySNS\.gradle\6.7.1\fileHashes)" [_thread_blocked, id=32824, stack(0x000000422d800000,0x000000422d900000)]
  0x000001faf4209800 JavaThread "Cache worker for checksums cache (E:\code\BaiTapOTruong\TotNghiep\TheSocialNetworkApp\MySNS\.gradle\checksums)" [_thread_blocked, id=32640, stack(0x000000422d900000,0x000000422da00000)]
  0x000001faf420a800 JavaThread "Cache worker for cache directory md-supplier (C:\Users\DELL\.gradle\caches\6.7.1\md-supplier)" [_thread_blocked, id=32992, stack(0x000000422d700000,0x000000422d800000)]
  0x000001faf420b000 JavaThread "Cache worker for cache directory md-rule (C:\Users\DELL\.gradle\caches\6.7.1\md-rule)" [_thread_blocked, id=29304, stack(0x000000422da00000,0x000000422db00000)]
  0x000001faf4210000 JavaThread "Cache worker for execution history cache (C:\Users\DELL\.gradle\caches\6.7.1\executionHistory)" [_thread_blocked, id=34924, stack(0x000000422dc00000,0x000000422dd00000)]
  0x000001faf6d73800 JavaThread "jar transforms" [_thread_blocked, id=31280, stack(0x000000422dd00000,0x000000422de00000)]
  0x000001faf6d6e800 JavaThread "Cache worker for file content cache (C:\Users\DELL\.gradle\caches\6.7.1\fileContent)" [_thread_blocked, id=31672, stack(0x000000422de00000,0x000000422df00000)]
  0x000001faf6d74000 JavaThread "Cache worker for Build Output Cleanup Cache (E:\code\BaiTapOTruong\TotNghiep\TheSocialNetworkApp\MySNS\.gradle\buildOutputCleanup)" [_thread_blocked, id=33240, stack(0x000000422df00000,0x000000422e000000)]
  0x000001faf6d6f800 JavaThread "Build operations" [_thread_blocked, id=23636, stack(0x000000422e000000,0x000000422e100000)]
  0x000001faf6d75000 JavaThread "Build operations Thread 2" [_thread_blocked, id=32984, stack(0x000000422e100000,0x000000422e200000)]
  0x000001faf6d71000 JavaThread "Build operations Thread 3" [_thread_blocked, id=35004, stack(0x000000422e200000,0x000000422e300000)]
  0x000001faf6d76000 JavaThread "Build operations Thread 4" [_thread_blocked, id=31464, stack(0x000000422e300000,0x000000422e400000)]
  0x000001faf6d70000 JavaThread "jar transforms Thread 2" [_thread_blocked, id=33488, stack(0x000000422e400000,0x000000422e500000)]
  0x000001faf6d76800 JavaThread "jar transforms Thread 3" [_thread_blocked, id=24728, stack(0x000000422e500000,0x000000422e600000)]
  0x000001faf6d77800 JavaThread "jar transforms Thread 4" [_thread_blocked, id=35608, stack(0x000000422e600000,0x000000422e700000)]
  0x000001faf6d72000 JavaThread "jar transforms Thread 5" [_thread_blocked, id=28616, stack(0x000000422e700000,0x000000422e800000)]
  0x000001faf6d79000 JavaThread "jar transforms Thread 6" [_thread_blocked, id=23780, stack(0x000000422e800000,0x000000422e900000)]
  0x000001faf6d78800 JavaThread "jar transforms Thread 7" [_thread_blocked, id=34728, stack(0x000000422e900000,0x000000422ea00000)]
  0x000001faf6d7b800 JavaThread "jar transforms Thread 8" [_thread_blocked, id=28728, stack(0x000000422ea00000,0x000000422eb00000)]
  0x000001faf6d7d000 JavaThread "jar transforms Thread 9" [_thread_blocked, id=35232, stack(0x000000422eb00000,0x000000422ec00000)]
  0x000001faf6d7c800 JavaThread "jar transforms Thread 10" [_thread_blocked, id=16400, stack(0x000000422ec00000,0x000000422ed00000)]
  0x000001faf6d7a000 JavaThread "jar transforms Thread 11" [_thread_blocked, id=29864, stack(0x000000422ed00000,0x000000422ee00000)]
  0x000001faf6d7b000 JavaThread "jar transforms Thread 12" [_thread_blocked, id=27184, stack(0x000000422ee00000,0x000000422ef00000)]
  0x000001faf4896000 JavaThread "jar transforms Thread 13" [_thread_blocked, id=33616, stack(0x000000422ef00000,0x000000422f000000)]
  0x000001faf4895800 JavaThread "jar transforms Thread 14" [_thread_blocked, id=33376, stack(0x000000422f000000,0x000000422f100000)]
  0x000001faf4893000 JavaThread "jar transforms Thread 15" [_thread_blocked, id=29128, stack(0x000000422f100000,0x000000422f200000)]
  0x000001faf4897000 JavaThread "jar transforms Thread 16" [_thread_blocked, id=33924, stack(0x000000422f200000,0x000000422f300000)]
  0x000001faf4892000 JavaThread "jar transforms Thread 17" [_thread_blocked, id=24184, stack(0x000000422f300000,0x000000422f400000)]
  0x000001faf4891000 JavaThread "jar transforms Thread 18" [_thread_blocked, id=22452, stack(0x000000422f400000,0x000000422f500000)]
  0x000001faf4897800 JavaThread "jar transforms Thread 19" [_thread_blocked, id=29904, stack(0x000000422f500000,0x000000422f600000)]
  0x000001faf4893800 JavaThread "jar transforms Thread 20" [_thread_blocked, id=15728, stack(0x000000422f600000,0x000000422f700000)]
  0x000001faf4898800 JavaThread "jar transforms Thread 21" [_thread_blocked, id=21408, stack(0x000000422f700000,0x000000422f800000)]
  0x000001faf4899800 JavaThread "jar transforms Thread 22" [_thread_blocked, id=19556, stack(0x000000422f800000,0x000000422f900000)]
  0x000001faf489a000 JavaThread "jar transforms Thread 23" [_thread_blocked, id=35292, stack(0x000000422f900000,0x000000422fa00000)]
  0x000001faf4894800 JavaThread "jar transforms Thread 24" [_thread_blocked, id=21668, stack(0x000000422fa00000,0x000000422fb00000)]
  0x000001faf48a0000 JavaThread "jar transforms Thread 25" [_thread_blocked, id=30948, stack(0x000000422fb00000,0x000000422fc00000)]
  0x000001faf489b000 JavaThread "jar transforms Thread 26" [_thread_blocked, id=34096, stack(0x000000422fc00000,0x000000422fd00000)]
  0x000001faf489c800 JavaThread "jar transforms Thread 27" [_thread_blocked, id=33688, stack(0x000000422fd00000,0x000000422fe00000)]
  0x000001faf489d800 JavaThread "jar transforms Thread 28" [_thread_blocked, id=21512, stack(0x000000422fe00000,0x000000422ff00000)]
  0x000001faf489c000 JavaThread "jar transforms Thread 29" [_thread_blocked, id=29024, stack(0x000000422ff00000,0x0000004230000000)]
  0x000001faf489e800 JavaThread "jar transforms Thread 30" [_thread_blocked, id=26216, stack(0x0000004230000000,0x0000004230100000)]
  0x000001faf489f000 JavaThread "jar transforms Thread 31" [_thread_blocked, id=21940, stack(0x0000004230100000,0x0000004230200000)]
  0x000001faf7183800 JavaThread "jar transforms Thread 32" [_thread_blocked, id=35772, stack(0x0000004230200000,0x0000004230300000)]
  0x000001faf717f800 JavaThread "jar transforms Thread 33" [_thread_blocked, id=35332, stack(0x0000004230300000,0x0000004230400000)]
  0x000001faf7180800 JavaThread "jar transforms Thread 34" [_thread_blocked, id=24616, stack(0x0000004230400000,0x0000004230500000)]
  0x000001faf7182000 JavaThread "jar transforms Thread 35" [_thread_blocked, id=35112, stack(0x0000004230500000,0x0000004230600000)]
  0x000001faf7181000 JavaThread "jar transforms Thread 36" [_thread_blocked, id=4460, stack(0x0000004230600000,0x0000004230700000)]
  0x000001faf7183000 JavaThread "jar transforms Thread 37" [_thread_blocked, id=35744, stack(0x0000004230700000,0x0000004230800000)]
  0x000001faf717e000 JavaThread "jar transforms Thread 38" [_thread_blocked, id=29360, stack(0x0000004230800000,0x0000004230900000)]
  0x000001faf7184800 JavaThread "jar transforms Thread 39" [_thread_blocked, id=34768, stack(0x0000004230900000,0x0000004230a00000)]
  0x000001faf717e800 JavaThread "jar transforms Thread 40" [_thread_blocked, id=33324, stack(0x0000004230a00000,0x0000004230b00000)]
  0x000001faf7188800 JavaThread "jar transforms Thread 41" [_thread_blocked, id=35508, stack(0x0000004230b00000,0x0000004230c00000)]
  0x000001faf718a000 JavaThread "jar transforms Thread 42" [_thread_blocked, id=3068, stack(0x0000004230c00000,0x0000004230d00000)]
  0x000001faf7187000 JavaThread "jar transforms Thread 43" [_thread_blocked, id=29704, stack(0x0000004230d00000,0x0000004230e00000)]
  0x000001faf7189800 JavaThread "jar transforms Thread 44" [_thread_blocked, id=29640, stack(0x0000004230e00000,0x0000004230f00000)]
  0x000001faf7185000 JavaThread "jar transforms Thread 45" [_thread_blocked, id=34196, stack(0x0000004230f00000,0x0000004231000000)]
  0x000001faf7187800 JavaThread "jar transforms Thread 46" [_thread_blocked, id=31796, stack(0x0000004231000000,0x0000004231100000)]
  0x000001faf718b000 JavaThread "jar transforms Thread 47" [_thread_blocked, id=35648, stack(0x0000004231100000,0x0000004231200000)]
  0x000001faf718c000 JavaThread "jar transforms Thread 48" [_thread_blocked, id=35664, stack(0x0000004231200000,0x0000004231300000)]
  0x000001faf7186000 JavaThread "jar transforms Thread 49" [_thread_blocked, id=35424, stack(0x0000004231300000,0x0000004231400000)]
  0x000001faf718c800 JavaThread "jar transforms Thread 50" [_thread_blocked, id=34860, stack(0x0000004231400000,0x0000004231500000)]
  0x000001faf2c28800 JavaThread "jar transforms Thread 51" [_thread_blocked, id=22616, stack(0x0000004231500000,0x0000004231600000)]
  0x000001faf2c29800 JavaThread "jar transforms Thread 52" [_thread_blocked, id=29760, stack(0x0000004231600000,0x0000004231700000)]
  0x000001faf2c27000 JavaThread "jar transforms Thread 53" [_thread_blocked, id=29884, stack(0x0000004231700000,0x0000004231800000)]
  0x000001faf2c24800 JavaThread "jar transforms Thread 54" [_thread_blocked, id=35836, stack(0x0000004231800000,0x0000004231900000)]
  0x000001faf2c28000 JavaThread "jar transforms Thread 55" [_thread_blocked, id=30772, stack(0x0000004231900000,0x0000004231a00000)]
  0x000001faf2c2b000 JavaThread "jar transforms Thread 56" [_thread_blocked, id=32624, stack(0x0000004231a00000,0x0000004231b00000)]
  0x000001faf2c26000 JavaThread "jar transforms Thread 57" [_thread_blocked, id=32920, stack(0x0000004231b00000,0x0000004231c00000)]
  0x000001faf2c2a800 JavaThread "jar transforms Thread 58" [_thread_blocked, id=35428, stack(0x0000004231c00000,0x0000004231d00000)]
  0x000001faf2c25800 JavaThread "jar transforms Thread 59" [_thread_blocked, id=33536, stack(0x0000004231d00000,0x0000004231e00000)]
  0x000001faf2c2c000 JavaThread "jar transforms Thread 60" [_thread_blocked, id=30104, stack(0x0000004231e00000,0x0000004231f00000)]
  0x000001faf2c32800 JavaThread "jar transforms Thread 61" [_thread_blocked, id=33796, stack(0x0000004231f00000,0x0000004232000000)]
  0x000001faf2c2f000 JavaThread "jar transforms Thread 62" [_thread_blocked, id=35580, stack(0x0000004232000000,0x0000004232100000)]
  0x000001faf2c2d800 JavaThread "jar transforms Thread 63" [_thread_blocked, id=33340, stack(0x0000004232100000,0x0000004232200000)]
  0x000001faf2c2c800 JavaThread "jar transforms Thread 64" [_thread_blocked, id=25112, stack(0x0000004232200000,0x0000004232300000)]
  0x000001faf2c31000 JavaThread "jar transforms Thread 65" [_thread_blocked, id=30324, stack(0x0000004232300000,0x0000004232400000)]
  0x000001faf2c31800 JavaThread "jar transforms Thread 66" [_thread_blocked, id=30764, stack(0x0000004232400000,0x0000004232500000)]
  0x000001faf2c33000 JavaThread "jar transforms Thread 67" [_thread_blocked, id=32664, stack(0x0000004232500000,0x0000004232600000)]
  0x000001faf2c2e800 JavaThread "jar transforms Thread 68" [_thread_blocked, id=35140, stack(0x0000004232600000,0x0000004232700000)]
  0x000001faf2c30000 JavaThread "jar transforms Thread 69" [_thread_blocked, id=26952, stack(0x0000004232700000,0x0000004232800000)]
  0x000001faf2e9a800 JavaThread "jar transforms Thread 70" [_thread_blocked, id=35696, stack(0x0000004232800000,0x0000004232900000)]
  0x000001faf2e9b800 JavaThread "jar transforms Thread 71" [_thread_blocked, id=34472, stack(0x0000004232900000,0x0000004232a00000)]
  0x000001faf2e96000 JavaThread "jar transforms Thread 72" [_thread_blocked, id=35420, stack(0x0000004232a00000,0x0000004232b00000)]
  0x000001faf2e9a000 JavaThread "jar transforms Thread 73" [_thread_blocked, id=32280, stack(0x0000004232b00000,0x0000004232c00000)]
  0x000001faf2e9c800 JavaThread "jar transforms Thread 74" [_thread_blocked, id=34396, stack(0x0000004232c00000,0x0000004232d00000)]
  0x000001faf2e97800 JavaThread "jar transforms Thread 75" [_thread_blocked, id=21864, stack(0x0000004232d00000,0x0000004232e00000)]
  0x000001faf2e96800 JavaThread "jar transforms Thread 76" [_thread_blocked, id=34904, stack(0x0000004232e00000,0x0000004232f00000)]
  0x000001faf2e99000 JavaThread "jar transforms Thread 77" [_thread_blocked, id=31288, stack(0x0000004232f00000,0x0000004233000000)]
  0x000001faf2e9d000 JavaThread "jar transforms Thread 78" [_thread_blocked, id=18036, stack(0x0000004233000000,0x0000004233100000)]
  0x000001faf2e9e000 JavaThread "jar transforms Thread 79" [_thread_blocked, id=34224, stack(0x0000004233100000,0x0000004233200000)]
  0x000001faf2e98800 JavaThread "jar transforms Thread 80" [_thread_blocked, id=29600, stack(0x0000004233200000,0x0000004233300000)]
  0x000001faf2ea1800 JavaThread "jar transforms Thread 81" [_thread_blocked, id=32972, stack(0x0000004233300000,0x0000004233400000)]
  0x000001faf2ea3800 JavaThread "jar transforms Thread 82" [_thread_blocked, id=34460, stack(0x0000004233400000,0x0000004233500000)]
  0x000001faf2ea0800 JavaThread "jar transforms Thread 83" [_thread_blocked, id=25416, stack(0x0000004233500000,0x0000004233600000)]
  0x000001faf2ea2000 JavaThread "jar transforms Thread 84" [_thread_blocked, id=35272, stack(0x0000004233600000,0x0000004233700000)]
  0x000001faf2ea4800 JavaThread "jar transforms Thread 85" [_thread_blocked, id=35280, stack(0x0000004233700000,0x0000004233800000)]
  0x000001faf2ea3000 JavaThread "jar transforms Thread 86" [_thread_blocked, id=33736, stack(0x0000004233800000,0x0000004233900000)]
  0x000001faf2e9f000 JavaThread "jar transforms Thread 87" [_thread_blocked, id=34612, stack(0x0000004233900000,0x0000004233a00000)]
  0x000001faf2e9f800 JavaThread "jar transforms Thread 88" [_thread_blocked, id=32140, stack(0x0000004233a00000,0x0000004233b00000)]
  0x000001faf5298800 JavaThread "jar transforms Thread 89" [_thread_blocked, id=27688, stack(0x0000004233b00000,0x0000004233c00000)]
  0x000001faf5299800 JavaThread "jar transforms Thread 90" [_thread_blocked, id=27020, stack(0x0000004233c00000,0x0000004233d00000)]
  0x000001faf5295800 JavaThread "jar transforms Thread 91" [_thread_blocked, id=31200, stack(0x0000004233d00000,0x0000004233e00000)]
  0x000001faf529a000 JavaThread "jar transforms Thread 92" [_thread_blocked, id=29896, stack(0x0000004233e00000,0x0000004233f00000)]
  0x000001faf529b000 JavaThread "jar transforms Thread 93" [_thread_blocked, id=32384, stack(0x0000004233f00000,0x0000004234000000)]
  0x000001faf529c000 JavaThread "jar transforms Thread 94" [_thread_blocked, id=11448, stack(0x0000004234000000,0x0000004234100000)]
  0x000001faf5296000 JavaThread "jar transforms Thread 95" [_thread_blocked, id=35104, stack(0x0000004234100000,0x0000004234200000)]
  0x000001faf529c800 JavaThread "jar transforms Thread 96" [_thread_blocked, id=30244, stack(0x0000004234200000,0x0000004234300000)]
  0x000001faf5297000 JavaThread "jar transforms Thread 97" [_thread_blocked, id=24508, stack(0x0000004234300000,0x0000004234400000)]
  0x000001faf529d800 JavaThread "jar transforms Thread 98" [_thread_blocked, id=24272, stack(0x0000004234400000,0x0000004234500000)]
  0x000001faf5298000 JavaThread "jar transforms Thread 99" [_thread_blocked, id=5972, stack(0x0000004234500000,0x0000004234600000)]
  0x000001faf52a1000 JavaThread "jar transforms Thread 100" [_thread_blocked, id=33976, stack(0x0000004234600000,0x0000004234700000)]
  0x000001faf52a2800 JavaThread "jar transforms Thread 101" [_thread_blocked, id=29516, stack(0x0000004234700000,0x0000004234800000)]
  0x000001faf529f000 JavaThread "jar transforms Thread 102" [_thread_blocked, id=34984, stack(0x0000004234800000,0x0000004234900000)]
  0x000001faf52a4000 JavaThread "jar transforms Thread 103" [_thread_blocked, id=29012, stack(0x0000004234900000,0x0000004234a00000)]
  0x000001faf52a0000 JavaThread "jar transforms Thread 104" [_thread_blocked, id=31492, stack(0x0000004234a00000,0x0000004234b00000)]
  0x000001faf52a1800 JavaThread "jar transforms Thread 105" [_thread_blocked, id=31752, stack(0x0000004234b00000,0x0000004234c00000)]
  0x000001faf52a3000 JavaThread "jar transforms Thread 106" [_thread_blocked, id=33880, stack(0x0000004234c00000,0x0000004234d00000)]
  0x000001faf529e800 JavaThread "jar transforms Thread 107" [_thread_blocked, id=9032, stack(0x0000004234d00000,0x0000004234e00000)]
  0x000001faf7284000 JavaThread "jar transforms Thread 108" [_thread_blocked, id=34188, stack(0x0000004234e00000,0x0000004234f00000)]
  0x000001faf7280800 JavaThread "jar transforms Thread 109" [_thread_blocked, id=29324, stack(0x0000004234f00000,0x0000004235000000)]
  0x000001faf727f800 JavaThread "jar transforms Thread 110" [_thread_blocked, id=35476, stack(0x0000004235000000,0x0000004235100000)]
  0x000001faf7281800 JavaThread "jar transforms Thread 111" [_thread_blocked, id=35556, stack(0x0000004235100000,0x0000004235200000)]
  0x000001faf7282000 JavaThread "jar transforms Thread 112" [_thread_blocked, id=34408, stack(0x0000004235200000,0x0000004235300000)]
  0x000001faf727e000 JavaThread "jar transforms Thread 113" [_thread_blocked, id=26440, stack(0x0000004235300000,0x0000004235400000)]
  0x000001faf7283000 JavaThread "jar transforms Thread 114" [_thread_blocked, id=34872, stack(0x0000004235400000,0x0000004235500000)]
  0x000001faf7284800 JavaThread "jar transforms Thread 115" [_thread_blocked, id=6032, stack(0x0000004235500000,0x0000004235600000)]
  0x000001faf727f000 JavaThread "jar transforms Thread 116" [_thread_blocked, id=25520, stack(0x0000004235600000,0x0000004235700000)]
  0x000001faf7287000 JavaThread "jar transforms Thread 117" [_thread_blocked, id=30156, stack(0x0000004235700000,0x0000004235800000)]
  0x000001faf7289800 JavaThread "jar transforms Thread 118" [_thread_blocked, id=29432, stack(0x0000004235800000,0x0000004235900000)]
  0x000001faf7288000 JavaThread "jar transforms Thread 119" [_thread_blocked, id=35020, stack(0x0000004235900000,0x0000004235a00000)]
  0x000001faf7288800 JavaThread "jar transforms Thread 120" [_thread_blocked, id=30140, stack(0x0000004235a00000,0x0000004235b00000)]
  0x000001faf728a800 JavaThread "Memory manager" [_thread_blocked, id=24952, stack(0x0000004235b00000,0x0000004235c00000)]
  0x000001faf7286000 JavaThread "build event listener" [_thread_blocked, id=35656, stack(0x0000004235c00000,0x0000004235d00000)]
  0x000001faf728c000 JavaThread "pool-3-thread-1" [_thread_blocked, id=26896, stack(0x0000004235d00000,0x0000004235e00000)]
  0x000001faf728c800 JavaThread "build event listener" [_thread_blocked, id=35308, stack(0x0000004235e00000,0x0000004235f00000)]
  0x000001faf4d35000 JavaThread "Execution worker for ':'" [_thread_blocked, id=35304, stack(0x0000004235f00000,0x0000004236000000)]
  0x000001faf4d37800 JavaThread "Execution worker for ':' Thread 2" [_thread_blocked, id=17532, stack(0x0000004236000000,0x0000004236100000)]
  0x000001faf4d38800 JavaThread "Execution worker for ':' Thread 3" [_thread_blocked, id=29508, stack(0x0000004236100000,0x0000004236200000)]
  0x000001faf4d39000 JavaThread "Cache worker for execution history cache (E:\code\BaiTapOTruong\TotNghiep\TheSocialNetworkApp\MySNS\.gradle\6.7.1\executionHistory)" [_thread_blocked, id=34476, stack(0x0000004236200000,0x0000004236300000)]
  0x000001faf4d3a000 JavaThread "WorkerExecutor Queue" [_thread_blocked, id=35796, stack(0x000000422b200000,0x000000422b300000)]
  0x000001faf4d34800 JavaThread "WorkerExecutor Queue Thread 2" [_thread_blocked, id=26816, stack(0x0000004236300000,0x0000004236400000)]
  0x000001faf4d36000 JavaThread "WorkerExecutor Queue Thread 3" [_thread_blocked, id=17256, stack(0x0000004236400000,0x0000004236500000)]
  0x000001faf4d37000 JavaThread "WorkerExecutor Queue Thread 4" [_thread_blocked, id=29216, stack(0x0000004236500000,0x0000004236600000)]
  0x000001faf4d3d800 JavaThread "C2 CompilerThread1" daemon [_thread_blocked, id=35164, stack(0x000000422db00000,0x000000422dc00000)]
  0x000001faf4d3e000 JavaThread "ForkJoinPool-1-worker-3" daemon [_thread_blocked, id=26672, stack(0x0000004236600000,0x0000004236700000)]
  0x000001faf4d3b800 JavaThread "ForkJoinPool-1-worker-5" daemon [_thread_blocked, id=25324, stack(0x0000004236700000,0x0000004236800000)]
  0x000001faf4d3f000 JavaThread "ForkJoinPool-1-worker-7" daemon [_thread_blocked, id=20588, stack(0x0000004236800000,0x0000004236900000)]
  0x000001faf4d40000 JavaThread "ForkJoinPool-1-worker-1" daemon [_thread_blocked, id=27572, stack(0x0000004236900000,0x0000004236a00000)]

Other Threads:
=>0x000001faf1dda000 VMThread "VM Thread" [stack: 0x000000422ba00000,0x000000422bb00000] [id=31152]
  0x000001faf28f1800 WatcherThread [stack: 0x000000422c400000,0x000000422c500000] [id=35100]
  0x000001fad8397800 GCTaskThread "GC Thread#0" [stack: 0x000000422b500000,0x000000422b600000] [id=29668]
  0x000001faf2e95000 GCTaskThread "GC Thread#1" [stack: 0x000000422c600000,0x000000422c700000] [id=24976]
  0x000001faf30a5800 GCTaskThread "GC Thread#2" [stack: 0x000000422c700000,0x000000422c800000] [id=34772]
  0x000001faf374b800 GCTaskThread "GC Thread#3" [stack: 0x000000422d400000,0x000000422d500000] [id=29580]
  0x000001fad83c8000 ConcurrentGCThread "G1 Main Marker" [stack: 0x000000422b600000,0x000000422b700000] [id=26000]
  0x000001fad83c9000 ConcurrentGCThread "G1 Conc#0" [stack: 0x000000422b700000,0x000000422b800000] [id=34368]
  0x000001fad8454000 ConcurrentGCThread "G1 Refine#0" [stack: 0x000000422b800000,0x000000422b900000] [id=32556]
  0x000001fad8455000 ConcurrentGCThread "G1 Young RemSet Sampling" [stack: 0x000000422b900000,0x000000422ba00000] [id=30112]

Threads with active compile tasks:
C2 CompilerThread0  43613 14046       4       com.android.tools.r8.w.a.a.a.f.X::a (179 bytes)
C1 CompilerThread0  43613 14104       2       com.android.tools.r8.dex.n::i (798 bytes)
C2 CompilerThread1  43613 14113 %     4       com.android.tools.r8.dex.n::a @ 315 (913 bytes)

VM state:at safepoint (normal execution)

VM Mutex/Monitor currently owned by a thread:  ([mutex/lock_event])
[0x000001fad837a4e0] Threads_lock - owner thread: 0x000001faf1dda000
[0x000001fad837a840] Heap_lock - owner thread: 0x000001faf4d3f000

Heap address: 0x0000000080000000, size: 2048 MB, Compressed Oops mode: 32-bit
Narrow klass base: 0x0000000000000000, Narrow klass shift: 3
Compressed class space size: 1073741824 Address: 0x0000000100000000

Heap:
 garbage-first heap   total 333824K, used 183876K [0x0000000080000000, 0x0000000100000000)
  region size 1024K, 3 young (3072K), 3 survivors (3072K)
 Metaspace       used 100723K, capacity 102992K, committed 103168K, reserved 1138688K
  class space    used 12745K, capacity 13563K, committed 13644K, reserved 1048576K
Heap Regions: E=young(eden), S=young(survivor), O=old, HS=humongous(starts), HC=humongous(continues), CS=collection set, F=free, A=archive, TAMS=top-at-mark-start (previous, next)
|   0|0x0000000080000000, 0x0000000080100000, 0x0000000080100000|100%| O|  |TAMS 0x0000000080100000, 0x0000000080000000| Updating 
|   1|0x0000000080100000, 0x0000000080200000, 0x0000000080200000|100%| O|  |TAMS 0x0000000080200000, 0x0000000080100000| Updating 
|   2|0x0000000080200000, 0x0000000080300000, 0x0000000080300000|100%| O|  |TAMS 0x0000000080300000, 0x0000000080200000| Updating 
|   3|0x0000000080300000, 0x0000000080400000, 0x0000000080400000|100%|HS|  |TAMS 0x0000000080400000, 0x0000000080300000| Complete 
|   4|0x0000000080400000, 0x0000000080500000, 0x0000000080500000|100%|HC|  |TAMS 0x0000000080500000, 0x0000000080400000| Complete 
|   5|0x0000000080500000, 0x0000000080600000, 0x0000000080600000|100%|HC|  |TAMS 0x0000000080600000, 0x0000000080500000| Complete 
|   6|0x0000000080600000, 0x0000000080700000, 0x0000000080700000|100%| O|  |TAMS 0x0000000080700000, 0x0000000080600000| Updating 
|   7|0x0000000080700000, 0x0000000080800000, 0x0000000080800000|100%| O|  |TAMS 0x0000000080800000, 0x0000000080700000| Updating 
|   8|0x0000000080800000, 0x0000000080900000, 0x0000000080900000|100%| O|  |TAMS 0x0000000080900000, 0x0000000080800000| Updating 
|   9|0x0000000080900000, 0x0000000080a00000, 0x0000000080a00000|100%| O|  |TAMS 0x0000000080a00000, 0x0000000080900000| Updating 
|  10|0x0000000080a00000, 0x0000000080b00000, 0x0000000080b00000|100%| O|  |TAMS 0x0000000080b00000, 0x0000000080a00000| Updating 
|  11|0x0000000080b00000, 0x0000000080c00000, 0x0000000080c00000|100%| O|  |TAMS 0x0000000080c00000, 0x0000000080b00000| Updating 
|  12|0x0000000080c00000, 0x0000000080d00000, 0x0000000080d00000|100%| O|  |TAMS 0x0000000080d00000, 0x0000000080c00000| Updating 
|  13|0x0000000080d00000, 0x0000000080e00000, 0x0000000080e00000|100%| O|  |TAMS 0x0000000080e00000, 0x0000000080d00000| Updating 
|  14|0x0000000080e00000, 0x0000000080f00000, 0x0000000080f00000|100%| O|  |TAMS 0x0000000080f00000, 0x0000000080e00000| Updating 
|  15|0x0000000080f00000, 0x0000000081000000, 0x0000000081000000|100%| O|  |TAMS 0x0000000081000000, 0x0000000080f00000| Updating 
|  16|0x0000000081000000, 0x0000000081100000, 0x0000000081100000|100%| O|  |TAMS 0x0000000081100000, 0x0000000081000000| Updating 
|  17|0x0000000081100000, 0x0000000081200000, 0x0000000081200000|100%| O|  |TAMS 0x0000000081200000, 0x0000000081100000| Updating 
|  18|0x0000000081200000, 0x0000000081300000, 0x0000000081300000|100%| O|  |TAMS 0x0000000081300000, 0x0000000081200000| Updating 
|  19|0x0000000081300000, 0x0000000081400000, 0x0000000081400000|100%| O|  |TAMS 0x0000000081400000, 0x0000000081300000| Updating 
|  20|0x0000000081400000, 0x0000000081500000, 0x0000000081500000|100%| O|  |TAMS 0x0000000081500000, 0x0000000081400000| Updating 
|  21|0x0000000081500000, 0x0000000081600000, 0x0000000081600000|100%| O|  |TAMS 0x0000000081600000, 0x0000000081500000| Updating 
|  22|0x0000000081600000, 0x0000000081700000, 0x0000000081700000|100%|HS|  |TAMS 0x0000000081700000, 0x0000000081600000| Complete 
|  23|0x0000000081700000, 0x0000000081800000, 0x0000000081800000|100%|HS|  |TAMS 0x0000000081800000, 0x0000000081700000| Complete 
|  24|0x0000000081800000, 0x0000000081900000, 0x0000000081900000|100%|HC|  |TAMS 0x0000000081900000, 0x0000000081800000| Complete 
|  25|0x0000000081900000, 0x0000000081a00000, 0x0000000081a00000|100%|HC|  |TAMS 0x0000000081a00000, 0x0000000081900000| Complete 
|  26|0x0000000081a00000, 0x0000000081b00000, 0x0000000081b00000|100%|HS|  |TAMS 0x0000000081b00000, 0x0000000081a00000| Complete 
|  27|0x0000000081b00000, 0x0000000081c00000, 0x0000000081c00000|100%|HC|  |TAMS 0x0000000081c00000, 0x0000000081b00000| Complete 
|  28|0x0000000081c00000, 0x0000000081d00000, 0x0000000081d00000|100%| O|  |TAMS 0x0000000081d00000, 0x0000000081c00000| Updating 
|  29|0x0000000081d00000, 0x0000000081e00000, 0x0000000081e00000|100%| O|  |TAMS 0x0000000081e00000, 0x0000000081d00000| Updating 
|  30|0x0000000081e00000, 0x0000000081f00000, 0x0000000081f00000|100%| O|  |TAMS 0x0000000081f00000, 0x0000000081e00000| Updating 
|  31|0x0000000081f00000, 0x0000000082000000, 0x0000000082000000|100%|HS|  |TAMS 0x0000000082000000, 0x0000000081f00000| Complete 
|  32|0x0000000082000000, 0x0000000082100000, 0x0000000082100000|100%| O|  |TAMS 0x0000000082100000, 0x0000000082000000| Updating 
|  33|0x0000000082100000, 0x0000000082200000, 0x0000000082200000|100%| O|  |TAMS 0x0000000082200000, 0x0000000082100000| Updating 
|  34|0x0000000082200000, 0x0000000082300000, 0x0000000082300000|100%| O|  |TAMS 0x0000000082300000, 0x0000000082200000| Updating 
|  35|0x0000000082300000, 0x0000000082400000, 0x0000000082400000|100%| O|  |TAMS 0x0000000082400000, 0x0000000082300000| Updating 
|  36|0x0000000082400000, 0x0000000082500000, 0x0000000082500000|100%| O|  |TAMS 0x0000000082500000, 0x0000000082400000| Updating 
|  37|0x0000000082500000, 0x0000000082600000, 0x0000000082600000|100%| O|  |TAMS 0x0000000082600000, 0x0000000082500000| Updating 
|  38|0x0000000082600000, 0x0000000082700000, 0x0000000082700000|100%| O|  |TAMS 0x0000000082700000, 0x0000000082600000| Updating 
|  39|0x0000000082700000, 0x0000000082800000, 0x0000000082800000|100%| O|  |TAMS 0x0000000082800000, 0x0000000082700000| Updating 
|  40|0x0000000082800000, 0x0000000082900000, 0x0000000082900000|100%| O|  |TAMS 0x0000000082900000, 0x0000000082800000| Updating 
|  41|0x0000000082900000, 0x0000000082a00000, 0x0000000082a00000|100%| O|  |TAMS 0x0000000082a00000, 0x0000000082900000| Updating 
|  42|0x0000000082a00000, 0x0000000082b00000, 0x0000000082b00000|100%| O|  |TAMS 0x0000000082b00000, 0x0000000082a00000| Updating 
|  43|0x0000000082b00000, 0x0000000082c00000, 0x0000000082c00000|100%| O|  |TAMS 0x0000000082c00000, 0x0000000082b00000| Updating 
|  44|0x0000000082c00000, 0x0000000082d00000, 0x0000000082d00000|100%| O|  |TAMS 0x0000000082d00000, 0x0000000082c00000| Updating 
|  45|0x0000000082d00000, 0x0000000082e00000, 0x0000000082e00000|100%| O|  |TAMS 0x0000000082e00000, 0x0000000082d00000| Updating 
|  46|0x0000000082e00000, 0x0000000082f00000, 0x0000000082f00000|100%| O|  |TAMS 0x0000000082f00000, 0x0000000082e00000| Updating 
|  47|0x0000000082f00000, 0x0000000083000000, 0x0000000083000000|100%| O|  |TAMS 0x0000000083000000, 0x0000000082f00000| Updating 
|  48|0x0000000083000000, 0x0000000083100000, 0x0000000083100000|100%| O|  |TAMS 0x0000000083100000, 0x0000000083000000| Updating 
|  49|0x0000000083100000, 0x0000000083200000, 0x0000000083200000|100%| O|  |TAMS 0x0000000083200000, 0x0000000083100000| Updating 
|  50|0x0000000083200000, 0x0000000083300000, 0x0000000083300000|100%| O|  |TAMS 0x0000000083300000, 0x0000000083200000| Updating 
|  51|0x0000000083300000, 0x0000000083400000, 0x0000000083400000|100%| O|  |TAMS 0x0000000083400000, 0x0000000083300000| Updating 
|  52|0x0000000083400000, 0x0000000083500000, 0x0000000083500000|100%| O|  |TAMS 0x0000000083500000, 0x0000000083400000| Updating 
|  53|0x0000000083500000, 0x0000000083600000, 0x0000000083600000|100%| O|  |TAMS 0x0000000083600000, 0x0000000083500000| Updating 
|  54|0x0000000083600000, 0x0000000083700000, 0x0000000083700000|100%| O|  |TAMS 0x0000000083700000, 0x0000000083600000| Updating 
|  55|0x0000000083700000, 0x0000000083800000, 0x0000000083800000|100%| O|  |TAMS 0x0000000083800000, 0x0000000083700000| Updating 
|  56|0x0000000083800000, 0x0000000083900000, 0x0000000083900000|100%| O|  |TAMS 0x0000000083900000, 0x0000000083800000| Updating 
|  57|0x0000000083900000, 0x0000000083a00000, 0x0000000083a00000|100%| O|  |TAMS 0x0000000083a00000, 0x0000000083900000| Updating 
|  58|0x0000000083a00000, 0x0000000083b00000, 0x0000000083b00000|100%| O|  |TAMS 0x0000000083b00000, 0x0000000083a00000| Updating 
|  59|0x0000000083b00000, 0x0000000083c00000, 0x0000000083c00000|100%| O|  |TAMS 0x0000000083c00000, 0x0000000083b00000| Updating 
|  60|0x0000000083c00000, 0x0000000083d00000, 0x0000000083d00000|100%| O|  |TAMS 0x0000000083d00000, 0x0000000083c00000| Updating 
|  61|0x0000000083d00000, 0x0000000083e00000, 0x0000000083e00000|100%| O|  |TAMS 0x0000000083e00000, 0x0000000083d00000| Updating 
|  62|0x0000000083e00000, 0x0000000083f00000, 0x0000000083f00000|100%| O|  |TAMS 0x0000000083f00000, 0x0000000083e00000| Updating 
|  63|0x0000000083f00000, 0x0000000084000000, 0x0000000084000000|100%| O|  |TAMS 0x0000000084000000, 0x0000000083f00000| Updating 
|  64|0x0000000084000000, 0x0000000084100000, 0x0000000084100000|100%| O|  |TAMS 0x0000000084100000, 0x0000000084000000| Updating 
|  65|0x0000000084100000, 0x0000000084200000, 0x0000000084200000|100%| O|  |TAMS 0x0000000084200000, 0x0000000084100000| Updating 
|  66|0x0000000084200000, 0x0000000084300000, 0x0000000084300000|100%| O|  |TAMS 0x0000000084300000, 0x0000000084200000| Updating 
|  67|0x0000000084300000, 0x0000000084400000, 0x0000000084400000|100%| O|  |TAMS 0x0000000084400000, 0x0000000084300000| Updating 
|  68|0x0000000084400000, 0x0000000084500000, 0x0000000084500000|100%| O|  |TAMS 0x0000000084500000, 0x0000000084400000| Updating 
|  69|0x0000000084500000, 0x0000000084600000, 0x0000000084600000|100%| O|  |TAMS 0x0000000084600000, 0x0000000084500000| Updating 
|  70|0x0000000084600000, 0x0000000084700000, 0x0000000084700000|100%| O|  |TAMS 0x0000000084700000, 0x0000000084600000| Updating 
|  71|0x0000000084700000, 0x0000000084800000, 0x0000000084800000|100%| O|  |TAMS 0x0000000084800000, 0x0000000084700000| Updating 
|  72|0x0000000084800000, 0x0000000084900000, 0x0000000084900000|100%| O|  |TAMS 0x0000000084900000, 0x0000000084800000| Updating 
|  73|0x0000000084900000, 0x0000000084a00000, 0x0000000084a00000|100%| O|  |TAMS 0x0000000084a00000, 0x0000000084900000| Updating 
|  74|0x0000000084a00000, 0x0000000084b00000, 0x0000000084b00000|100%| O|  |TAMS 0x0000000084b00000, 0x0000000084a00000| Updating 
|  75|0x0000000084b00000, 0x0000000084c00000, 0x0000000084c00000|100%| O|  |TAMS 0x0000000084c00000, 0x0000000084b00000| Updating 
|  76|0x0000000084c00000, 0x0000000084d00000, 0x0000000084d00000|100%| O|  |TAMS 0x0000000084d00000, 0x0000000084c00000| Updating 
|  77|0x0000000084d00000, 0x0000000084e00000, 0x0000000084e00000|100%| O|  |TAMS 0x0000000084e00000, 0x0000000084d00000| Updating 
|  78|0x0000000084e00000, 0x0000000084f00000, 0x0000000084f00000|100%| O|  |TAMS 0x0000000084f00000, 0x0000000084e00000| Updating 
|  79|0x0000000084f00000, 0x0000000085000000, 0x0000000085000000|100%| O|  |TAMS 0x0000000085000000, 0x0000000084f00000| Updating 
|  80|0x0000000085000000, 0x0000000085100000, 0x0000000085100000|100%| O|  |TAMS 0x0000000085100000, 0x0000000085000000| Updating 
|  81|0x0000000085100000, 0x0000000085200000, 0x0000000085200000|100%| O|  |TAMS 0x0000000085200000, 0x0000000085100000| Updating 
|  82|0x0000000085200000, 0x0000000085300000, 0x0000000085300000|100%| O|  |TAMS 0x0000000085300000, 0x0000000085200000| Updating 
|  83|0x0000000085300000, 0x0000000085400000, 0x0000000085400000|100%| O|  |TAMS 0x0000000085400000, 0x0000000085300000| Updating 
|  84|0x0000000085400000, 0x0000000085500000, 0x0000000085500000|100%|HS|  |TAMS 0x0000000085500000, 0x0000000085400000| Complete 
|  85|0x0000000085500000, 0x0000000085600000, 0x0000000085600000|100%| O|  |TAMS 0x0000000085600000, 0x0000000085500000| Updating 
|  86|0x0000000085600000, 0x0000000085700000, 0x0000000085700000|100%| O|  |TAMS 0x0000000085700000, 0x0000000085600000| Updating 
|  87|0x0000000085700000, 0x0000000085800000, 0x0000000085800000|100%| O|  |TAMS 0x0000000085800000, 0x0000000085700000| Updating 
|  88|0x0000000085800000, 0x0000000085900000, 0x0000000085900000|100%| O|  |TAMS 0x0000000085900000, 0x0000000085800000| Updating 
|  89|0x0000000085900000, 0x0000000085a00000, 0x0000000085a00000|100%| O|  |TAMS 0x0000000085a00000, 0x0000000085900000| Updating 
|  90|0x0000000085a00000, 0x0000000085b00000, 0x0000000085b00000|100%|HS|  |TAMS 0x0000000085b00000, 0x0000000085a00000| Complete 
|  91|0x0000000085b00000, 0x0000000085c00000, 0x0000000085c00000|100%|HC|  |TAMS 0x0000000085c00000, 0x0000000085b00000| Complete 
|  92|0x0000000085c00000, 0x0000000085d00000, 0x0000000085d00000|100%|HS|  |TAMS 0x0000000085d00000, 0x0000000085c00000| Complete 
|  93|0x0000000085d00000, 0x0000000085e00000, 0x0000000085e00000|100%|HC|  |TAMS 0x0000000085e00000, 0x0000000085d00000| Complete 
|  94|0x0000000085e00000, 0x0000000085f00000, 0x0000000085f00000|100%|HC|  |TAMS 0x0000000085f00000, 0x0000000085e00000| Complete 
|  95|0x0000000085f00000, 0x0000000086000000, 0x0000000086000000|100%|HS|  |TAMS 0x0000000086000000, 0x0000000085f00000| Complete 
|  96|0x0000000086000000, 0x0000000086100000, 0x0000000086100000|100%| O|  |TAMS 0x0000000086100000, 0x0000000086000000| Updating 
|  97|0x0000000086100000, 0x0000000086200000, 0x0000000086200000|100%|HS|  |TAMS 0x0000000086200000, 0x0000000086100000| Complete 
|  98|0x0000000086200000, 0x0000000086300000, 0x0000000086300000|100%| O|  |TAMS 0x0000000086300000, 0x0000000086200000| Updating 
|  99|0x0000000086300000, 0x0000000086400000, 0x0000000086400000|100%|HS|  |TAMS 0x0000000086400000, 0x0000000086300000| Complete 
| 100|0x0000000086400000, 0x0000000086500000, 0x0000000086500000|100%|HC|  |TAMS 0x0000000086500000, 0x0000000086400000| Complete 
| 101|0x0000000086500000, 0x0000000086600000, 0x0000000086600000|100%| O|  |TAMS 0x0000000086600000, 0x0000000086500000| Updating 
| 102|0x0000000086600000, 0x0000000086700000, 0x0000000086700000|100%| O|  |TAMS 0x0000000086700000, 0x0000000086600000| Updating 
| 103|0x0000000086700000, 0x0000000086800000, 0x0000000086800000|100%| O|  |TAMS 0x0000000086800000, 0x0000000086700000| Updating 
| 104|0x0000000086800000, 0x0000000086900000, 0x0000000086900000|100%| O|  |TAMS 0x0000000086900000, 0x0000000086800000| Updating 
| 105|0x0000000086900000, 0x0000000086a00000, 0x0000000086a00000|100%| O|  |TAMS 0x0000000086a00000, 0x0000000086900000| Updating 
| 106|0x0000000086a00000, 0x0000000086b00000, 0x0000000086b00000|100%| O|  |TAMS 0x0000000086b00000, 0x0000000086a00000| Updating 
| 107|0x0000000086b00000, 0x0000000086c00000, 0x0000000086c00000|100%| O|  |TAMS 0x0000000086c00000, 0x0000000086b00000| Updating 
| 108|0x0000000086c00000, 0x0000000086d00000, 0x0000000086d00000|100%| O|  |TAMS 0x0000000086d00000, 0x0000000086c00000| Updating 
| 109|0x0000000086d00000, 0x0000000086e00000, 0x0000000086e00000|100%| O|  |TAMS 0x0000000086e00000, 0x0000000086d00000| Updating 
| 110|0x0000000086e00000, 0x0000000086f00000, 0x0000000086f00000|100%|HS|  |TAMS 0x0000000086f00000, 0x0000000086e00000| Complete 
| 111|0x0000000086f00000, 0x0000000087000000, 0x0000000087000000|100%| O|  |TAMS 0x0000000087000000, 0x0000000086f00000| Updating 
| 112|0x0000000087000000, 0x0000000087100000, 0x0000000087100000|100%| O|  |TAMS 0x0000000087100000, 0x0000000087000000| Updating 
| 113|0x0000000087100000, 0x0000000087200000, 0x0000000087200000|100%| O|  |TAMS 0x0000000087200000, 0x0000000087100000| Updating 
| 114|0x0000000087200000, 0x0000000087300000, 0x0000000087300000|100%| O|  |TAMS 0x0000000087300000, 0x0000000087200000| Updating 
| 115|0x0000000087300000, 0x0000000087400000, 0x0000000087400000|100%|HS|  |TAMS 0x0000000087400000, 0x0000000087300000| Complete 
| 116|0x0000000087400000, 0x0000000087500000, 0x0000000087500000|100%|HC|  |TAMS 0x0000000087500000, 0x0000000087400000| Complete 
| 117|0x0000000087500000, 0x0000000087600000, 0x0000000087600000|100%| O|  |TAMS 0x0000000087600000, 0x0000000087500000| Updating 
| 118|0x0000000087600000, 0x0000000087700000, 0x0000000087700000|100%| O|  |TAMS 0x0000000087700000, 0x0000000087600000| Updating 
| 119|0x0000000087700000, 0x0000000087800000, 0x0000000087800000|100%| O|  |TAMS 0x0000000087800000, 0x0000000087700000| Updating 
| 120|0x0000000087800000, 0x0000000087900000, 0x0000000087900000|100%|HS|  |TAMS 0x0000000087900000, 0x0000000087800000| Complete 
| 121|0x0000000087900000, 0x0000000087a00000, 0x0000000087a00000|100%|HC|  |TAMS 0x0000000087a00000, 0x0000000087900000| Complete 
| 122|0x0000000087a00000, 0x0000000087b00000, 0x0000000087b00000|100%|HC|  |TAMS 0x0000000087b00000, 0x0000000087a00000| Complete 
| 123|0x0000000087b00000, 0x0000000087c00000, 0x0000000087c00000|100%| O|  |TAMS 0x0000000087c00000, 0x0000000087b00000| Updating 
| 124|0x0000000087c00000, 0x0000000087d00000, 0x0000000087d00000|100%| O|  |TAMS 0x0000000087d00000, 0x0000000087c00000| Updating 
| 125|0x0000000087d00000, 0x0000000087e00000, 0x0000000087e00000|100%|HS|  |TAMS 0x0000000087e00000, 0x0000000087d00000| Complete 
| 126|0x0000000087e00000, 0x0000000087f00000, 0x0000000087f00000|100%|HC|  |TAMS 0x0000000087f00000, 0x0000000087e00000| Complete 
| 127|0x0000000087f00000, 0x0000000088000000, 0x0000000088000000|100%| O|  |TAMS 0x0000000088000000, 0x0000000087f00000| Updating 
| 128|0x0000000088000000, 0x0000000088100000, 0x0000000088100000|100%|HS|  |TAMS 0x0000000088100000, 0x0000000088000000| Complete 
| 129|0x0000000088100000, 0x0000000088200000, 0x0000000088200000|100%|HS|  |TAMS 0x0000000088200000, 0x0000000088100000| Complete 
| 130|0x0000000088200000, 0x0000000088300000, 0x0000000088300000|100%|HS|  |TAMS 0x0000000088300000, 0x0000000088200000| Complete 
| 131|0x0000000088300000, 0x0000000088400000, 0x0000000088400000|100%|HS|  |TAMS 0x0000000088400000, 0x0000000088300000| Complete 
| 132|0x0000000088400000, 0x0000000088500000, 0x0000000088500000|100%|HS|  |TAMS 0x0000000088500000, 0x0000000088400000| Complete 
| 133|0x0000000088500000, 0x0000000088600000, 0x0000000088600000|100%| O|  |TAMS 0x0000000088600000, 0x0000000088500000| Updating 
| 134|0x0000000088600000, 0x0000000088700000, 0x0000000088700000|100%| O|  |TAMS 0x0000000088700000, 0x0000000088600000| Updating 
| 135|0x0000000088700000, 0x0000000088800000, 0x0000000088800000|100%| O|  |TAMS 0x0000000088800000, 0x0000000088700000| Updating 
| 136|0x0000000088800000, 0x0000000088900000, 0x0000000088900000|100%| O|  |TAMS 0x0000000088900000, 0x0000000088800000| Updating 
| 137|0x0000000088900000, 0x0000000088a00000, 0x0000000088a00000|100%| O|  |TAMS 0x0000000088a00000, 0x0000000088900000| Updating 
| 138|0x0000000088a00000, 0x0000000088b00000, 0x0000000088b00000|100%| O|  |TAMS 0x0000000088b00000, 0x0000000088a00000| Updating 
| 139|0x0000000088b00000, 0x0000000088c00000, 0x0000000088c00000|100%| O|  |TAMS 0x0000000088c00000, 0x0000000088b00000| Updating 
| 140|0x0000000088c00000, 0x0000000088d00000, 0x0000000088d00000|100%| O|  |TAMS 0x0000000088d00000, 0x0000000088c00000| Updating 
| 141|0x0000000088d00000, 0x0000000088e00000, 0x0000000088e00000|100%| O|  |TAMS 0x0000000088e00000, 0x0000000088d00000| Updating 
| 142|0x0000000088e00000, 0x0000000088f00000, 0x0000000088f00000|100%| O|  |TAMS 0x0000000088f00000, 0x0000000088e00000| Updating 
| 143|0x0000000088f00000, 0x0000000089000000, 0x0000000089000000|100%| O|  |TAMS 0x0000000089000000, 0x0000000088f00000| Updating 
| 144|0x0000000089000000, 0x0000000089100000, 0x0000000089100000|100%| O|  |TAMS 0x0000000089100000, 0x0000000089000000| Updating 
| 145|0x0000000089100000, 0x0000000089200000, 0x0000000089200000|100%| O|  |TAMS 0x0000000089200000, 0x0000000089100000| Updating 
| 146|0x0000000089200000, 0x0000000089300000, 0x0000000089300000|100%| O|  |TAMS 0x0000000089300000, 0x0000000089200000| Updating 
| 147|0x0000000089300000, 0x0000000089400000, 0x0000000089400000|100%| O|  |TAMS 0x0000000089400000, 0x0000000089300000| Updating 
| 148|0x0000000089400000, 0x0000000089500000, 0x0000000089500000|100%| O|  |TAMS 0x0000000089500000, 0x0000000089400000| Updating 
| 149|0x0000000089500000, 0x0000000089600000, 0x0000000089600000|100%| O|  |TAMS 0x0000000089600000, 0x0000000089500000| Updating 
| 150|0x0000000089600000, 0x0000000089700000, 0x0000000089700000|100%| O|  |TAMS 0x0000000089700000, 0x0000000089600000| Updating 
| 151|0x0000000089700000, 0x0000000089800000, 0x0000000089800000|100%| O|  |TAMS 0x0000000089800000, 0x0000000089700000| Updating 
| 152|0x0000000089800000, 0x0000000089900000, 0x0000000089900000|100%| O|  |TAMS 0x0000000089900000, 0x0000000089800000| Updating 
| 153|0x0000000089900000, 0x0000000089a00000, 0x0000000089a00000|100%| O|  |TAMS 0x0000000089a00000, 0x0000000089900000| Updating 
| 154|0x0000000089a00000, 0x0000000089b00000, 0x0000000089b00000|100%| O|  |TAMS 0x0000000089b00000, 0x0000000089a00000| Updating 
| 155|0x0000000089b00000, 0x0000000089c00000, 0x0000000089c00000|100%| O|  |TAMS 0x0000000089c00000, 0x0000000089b00000| Updating 
| 156|0x0000000089c00000, 0x0000000089d00000, 0x0000000089d00000|100%| O|  |TAMS 0x0000000089d00000, 0x0000000089c00000| Updating 
| 157|0x0000000089d00000, 0x0000000089e00000, 0x0000000089e00000|100%| O|  |TAMS 0x0000000089e00000, 0x0000000089d00000| Updating 
| 158|0x0000000089e00000, 0x0000000089f00000, 0x0000000089f00000|100%| O|  |TAMS 0x0000000089f00000, 0x0000000089e00000| Updating 
| 159|0x0000000089f00000, 0x000000008a000000, 0x000000008a000000|100%| O|  |TAMS 0x0000000089f78a00, 0x0000000089f00000| Updating 
| 160|0x000000008a000000, 0x000000008a100000, 0x000000008a100000|100%| O|  |TAMS 0x000000008a000000, 0x000000008a000000| Untracked 
| 161|0x000000008a100000, 0x000000008a200000, 0x000000008a200000|100%| O|  |TAMS 0x000000008a100000, 0x000000008a100000| Untracked 
| 162|0x000000008a200000, 0x000000008a300000, 0x000000008a300000|100%| O|  |TAMS 0x000000008a200000, 0x000000008a200000| Untracked 
| 163|0x000000008a300000, 0x000000008a400000, 0x000000008a400000|100%| O|  |TAMS 0x000000008a300000, 0x000000008a300000| Untracked 
| 164|0x000000008a400000, 0x000000008a500000, 0x000000008a500000|100%| O|  |TAMS 0x000000008a400000, 0x000000008a400000| Untracked 
| 165|0x000000008a500000, 0x000000008a600000, 0x000000008a600000|100%| O|  |TAMS 0x000000008a500000, 0x000000008a500000| Untracked 
| 166|0x000000008a600000, 0x000000008a700000, 0x000000008a700000|100%| O|  |TAMS 0x000000008a600000, 0x000000008a600000| Untracked 
| 167|0x000000008a700000, 0x000000008a800000, 0x000000008a800000|100%| O|  |TAMS 0x000000008a700000, 0x000000008a700000| Untracked 
| 168|0x000000008a800000, 0x000000008a891200, 0x000000008a900000| 56%| O|  |TAMS 0x000000008a800000, 0x000000008a800000| Untracked 
| 169|0x000000008a900000, 0x000000008a900000, 0x000000008aa00000|  0%| F|  |TAMS 0x000000008a900000, 0x000000008a900000| Untracked 
| 170|0x000000008aa00000, 0x000000008aa00000, 0x000000008ab00000|  0%| F|  |TAMS 0x000000008aa00000, 0x000000008aa00000| Untracked 
| 171|0x000000008ab00000, 0x000000008ab00000, 0x000000008ac00000|  0%| F|  |TAMS 0x000000008ab00000, 0x000000008ab00000| Untracked 
| 172|0x000000008ac00000, 0x000000008ac00000, 0x000000008ad00000|  0%| F|  |TAMS 0x000000008ac00000, 0x000000008ac00000| Untracked 
| 173|0x000000008ad00000, 0x000000008ad00000, 0x000000008ae00000|  0%| F|  |TAMS 0x000000008ad00000, 0x000000008ad00000| Untracked 
| 174|0x000000008ae00000, 0x000000008ae00000, 0x000000008af00000|  0%| F|  |TAMS 0x000000008ae00000, 0x000000008ae00000| Untracked 
| 175|0x000000008af00000, 0x000000008af00000, 0x000000008b000000|  0%| F|  |TAMS 0x000000008af00000, 0x000000008af00000| Untracked 
| 176|0x000000008b000000, 0x000000008b000000, 0x000000008b100000|  0%| F|  |TAMS 0x000000008b000000, 0x000000008b000000| Untracked 
| 177|0x000000008b100000, 0x000000008b100000, 0x000000008b200000|  0%| F|  |TAMS 0x000000008b100000, 0x000000008b100000| Untracked 
| 178|0x000000008b200000, 0x000000008b200000, 0x000000008b300000|  0%| F|  |TAMS 0x000000008b200000, 0x000000008b200000| Untracked 
| 179|0x000000008b300000, 0x000000008b300000, 0x000000008b400000|  0%| F|  |TAMS 0x000000008b300000, 0x000000008b300000| Untracked 
| 180|0x000000008b400000, 0x000000008b400000, 0x000000008b500000|  0%| F|  |TAMS 0x000000008b400000, 0x000000008b400000| Untracked 
| 181|0x000000008b500000, 0x000000008b500000, 0x000000008b600000|  0%| F|  |TAMS 0x000000008b500000, 0x000000008b500000| Untracked 
| 182|0x000000008b600000, 0x000000008b600000, 0x000000008b700000|  0%| F|  |TAMS 0x000000008b600000, 0x000000008b600000| Untracked 
| 183|0x000000008b700000, 0x000000008b800000, 0x000000008b800000|100%| O|  |TAMS 0x000000008b800000, 0x000000008b700000| Updating 
| 184|0x000000008b800000, 0x000000008b900000, 0x000000008b900000|100%| O|  |TAMS 0x000000008b900000, 0x000000008b800000| Updating 
| 185|0x000000008b900000, 0x000000008ba00000, 0x000000008ba00000|100%| O|  |TAMS 0x000000008ba00000, 0x000000008b900000| Updating 
| 186|0x000000008ba00000, 0x000000008bb00000, 0x000000008bb00000|100%| O|  |TAMS 0x000000008bb00000, 0x000000008ba00000| Updating 
| 187|0x000000008bb00000, 0x000000008bc00000, 0x000000008bc00000|100%| O|  |TAMS 0x000000008bc00000, 0x000000008bb00000| Updating 
| 188|0x000000008bc00000, 0x000000008bd00000, 0x000000008bd00000|100%| O|  |TAMS 0x000000008bd00000, 0x000000008bc00000| Updating 
| 189|0x000000008bd00000, 0x000000008be00000, 0x000000008be00000|100%| O|  |TAMS 0x000000008be00000, 0x000000008bd00000| Updating 
| 190|0x000000008be00000, 0x000000008bf00000, 0x000000008bf00000|100%| O|  |TAMS 0x000000008bf00000, 0x000000008be00000| Updating 
| 191|0x000000008bf00000, 0x000000008bf00000, 0x000000008c000000|  0%| F|  |TAMS 0x000000008bf00000, 0x000000008bf00000| Untracked 
| 192|0x000000008c000000, 0x000000008c000000, 0x000000008c100000|  0%| F|  |TAMS 0x000000008c000000, 0x000000008c000000| Untracked 
| 193|0x000000008c100000, 0x000000008c100000, 0x000000008c200000|  0%| F|  |TAMS 0x000000008c100000, 0x000000008c100000| Untracked 
| 194|0x000000008c200000, 0x000000008c200000, 0x000000008c300000|  0%| F|  |TAMS 0x000000008c200000, 0x000000008c200000| Untracked 
| 195|0x000000008c300000, 0x000000008c300000, 0x000000008c400000|  0%| F|  |TAMS 0x000000008c300000, 0x000000008c300000| Untracked 
| 196|0x000000008c400000, 0x000000008c400000, 0x000000008c500000|  0%| F|  |TAMS 0x000000008c400000, 0x000000008c400000| Untracked 
| 197|0x000000008c500000, 0x000000008c500000, 0x000000008c600000|  0%| F|  |TAMS 0x000000008c500000, 0x000000008c500000| Untracked 
| 198|0x000000008c600000, 0x000000008c600000, 0x000000008c700000|  0%| F|  |TAMS 0x000000008c600000, 0x000000008c600000| Untracked 
| 199|0x000000008c700000, 0x000000008c700000, 0x000000008c800000|  0%| F|  |TAMS 0x000000008c700000, 0x000000008c700000| Untracked 
| 200|0x000000008c800000, 0x000000008c800000, 0x000000008c900000|  0%| F|  |TAMS 0x000000008c800000, 0x000000008c800000| Untracked 
| 201|0x000000008c900000, 0x000000008c900000, 0x000000008ca00000|  0%| F|  |TAMS 0x000000008c900000, 0x000000008c900000| Untracked 
| 202|0x000000008ca00000, 0x000000008ca00000, 0x000000008cb00000|  0%| F|  |TAMS 0x000000008ca00000, 0x000000008ca00000| Untracked 
| 203|0x000000008cb00000, 0x000000008cb00000, 0x000000008cc00000|  0%| F|  |TAMS 0x000000008cb00000, 0x000000008cb00000| Untracked 
| 204|0x000000008cc00000, 0x000000008cd00000, 0x000000008cd00000|100%| S|CS|TAMS 0x000000008cc00000, 0x000000008cc00000| Complete 
| 205|0x000000008cd00000, 0x000000008cd00000, 0x000000008ce00000|  0%| F|  |TAMS 0x000000008cd00000, 0x000000008cd00000| Untracked 
| 206|0x000000008ce00000, 0x000000008ce00000, 0x000000008cf00000|  0%| F|  |TAMS 0x000000008ce00000, 0x000000008ce00000| Untracked 
| 207|0x000000008cf00000, 0x000000008d000000, 0x000000008d000000|100%| S|CS|TAMS 0x000000008cf00000, 0x000000008cf00000| Complete 
| 208|0x000000008d000000, 0x000000008d100000, 0x000000008d100000|100%| S|CS|TAMS 0x000000008d000000, 0x000000008d000000| Complete 
| 209|0x000000008d100000, 0x000000008d100000, 0x000000008d200000|  0%| F|  |TAMS 0x000000008d100000, 0x000000008d100000| Untracked 
| 210|0x000000008d200000, 0x000000008d200000, 0x000000008d300000|  0%| F|  |TAMS 0x000000008d200000, 0x000000008d200000| Untracked 
| 211|0x000000008d300000, 0x000000008d300000, 0x000000008d400000|  0%| F|  |TAMS 0x000000008d300000, 0x000000008d300000| Untracked 
| 212|0x000000008d400000, 0x000000008d400000, 0x000000008d500000|  0%| F|  |TAMS 0x000000008d400000, 0x000000008d400000| Untracked 
| 213|0x000000008d500000, 0x000000008d500000, 0x000000008d600000|  0%| F|  |TAMS 0x000000008d500000, 0x000000008d500000| Untracked 
| 214|0x000000008d600000, 0x000000008d600000, 0x000000008d700000|  0%| F|  |TAMS 0x000000008d600000, 0x000000008d600000| Untracked 
| 215|0x000000008d700000, 0x000000008d700000, 0x000000008d800000|  0%| F|  |TAMS 0x000000008d700000, 0x000000008d700000| Untracked 
| 216|0x000000008d800000, 0x000000008d800000, 0x000000008d900000|  0%| F|  |TAMS 0x000000008d800000, 0x000000008d800000| Untracked 
| 217|0x000000008d900000, 0x000000008d900000, 0x000000008da00000|  0%| F|  |TAMS 0x000000008d900000, 0x000000008d900000| Untracked 
| 218|0x000000008da00000, 0x000000008da00000, 0x000000008db00000|  0%| F|  |TAMS 0x000000008da00000, 0x000000008da00000| Untracked 
| 219|0x000000008db00000, 0x000000008db00000, 0x000000008dc00000|  0%| F|  |TAMS 0x000000008db00000, 0x000000008db00000| Untracked 
| 220|0x000000008dc00000, 0x000000008dc00000, 0x000000008dd00000|  0%| F|  |TAMS 0x000000008dc00000, 0x000000008dc00000| Untracked 
| 221|0x000000008dd00000, 0x000000008dd00000, 0x000000008de00000|  0%| F|  |TAMS 0x000000008dd00000, 0x000000008dd00000| Untracked 
| 222|0x000000008de00000, 0x000000008de00000, 0x000000008df00000|  0%| F|  |TAMS 0x000000008de00000, 0x000000008de00000| Untracked 
| 223|0x000000008df00000, 0x000000008df00000, 0x000000008e000000|  0%| F|  |TAMS 0x000000008df00000, 0x000000008df00000| Untracked 
| 224|0x000000008e000000, 0x000000008e000000, 0x000000008e100000|  0%| F|  |TAMS 0x000000008e000000, 0x000000008e000000| Untracked 
| 225|0x000000008e100000, 0x000000008e100000, 0x000000008e200000|  0%| F|  |TAMS 0x000000008e100000, 0x000000008e100000| Untracked 
| 226|0x000000008e200000, 0x000000008e200000, 0x000000008e300000|  0%| F|  |TAMS 0x000000008e200000, 0x000000008e200000| Untracked 
| 227|0x000000008e300000, 0x000000008e300000, 0x000000008e400000|  0%| F|  |TAMS 0x000000008e300000, 0x000000008e300000| Untracked 
| 228|0x000000008e400000, 0x000000008e400000, 0x000000008e500000|  0%| F|  |TAMS 0x000000008e400000, 0x000000008e400000| Untracked 
| 229|0x000000008e500000, 0x000000008e500000, 0x000000008e600000|  0%| F|  |TAMS 0x000000008e500000, 0x000000008e500000| Untracked 

Card table byte_map: [0x000001faeb100000,0x000001faeb500000] _byte_map_base: 0x000001faead00000

Marking Bits (Prev, Next): (CMBitMap*) 0x000001fad83bf008, (CMBitMap*) 0x000001fad83bf040
 Prev Bits: [0x000001faeb900000, 0x000001faed900000)
 Next Bits: [0x000001faed900000, 0x000001faef900000)

Polling page: 0x000001fad61e0000

Metaspace:

Usage:
  Non-class:     87.33 MB capacity,    85.92 MB ( 98%) used,     1.18 MB (  1%) free+waste,   242.94 KB ( <1%) overhead. 
      Class:     13.25 MB capacity,    12.45 MB ( 94%) used,   710.58 KB (  5%) free+waste,   106.81 KB ( <1%) overhead. 
       Both:    100.58 MB capacity,    98.36 MB ( 98%) used,     1.87 MB (  2%) free+waste,   349.75 KB ( <1%) overhead. 

Virtual space:
  Non-class space:       88.00 MB reserved,      87.43 MB (>99%) committed 
      Class space:        1.00 GB reserved,      13.32 MB (  1%) committed 
             Both:        1.09 GB reserved,     100.75 MB (  9%) committed 

Chunk freelists:
   Non-Class:  31.00 KB
       Class:  5.00 KB
        Both:  36.00 KB

MaxMetaspaceSize: 17179869184.00 GB
CompressedClassSpaceSize: 1.00 GB

CodeHeap 'non-profiled nmethods': size=120064Kb used=10373Kb max_used=10373Kb free=109690Kb
 bounds [0x000001fae37c0000, 0x000001fae41f0000, 0x000001faead00000]
CodeHeap 'profiled nmethods': size=120000Kb used=30943Kb max_used=30943Kb free=89056Kb
 bounds [0x000001fadc290000, 0x000001fade0d0000, 0x000001fae37c0000]
CodeHeap 'non-nmethods': size=5696Kb used=2301Kb max_used=2343Kb free=3394Kb
 bounds [0x000001fadbd00000, 0x000001fadbf70000, 0x000001fadc290000]
 total_blobs=14588 nmethods=13683 adapters=815
 compilation: enabled
              stopped_count=0, restarted_count=0
 full_count=0

Compilation events (20 events):
Event: 43.486 Thread 0x000001faf1dfd800 nmethod 14087 0x000001fade0c9010 code [0x000001fade0c91c0, 0x000001fade0c9308]
Event: 43.487 Thread 0x000001faf1dfd800 14090       2       com.android.tools.r8.graph.t0$x::<init> (5 bytes)
Event: 43.487 Thread 0x000001faf1dfd800 nmethod 14090 0x000001fade0c9390 code [0x000001fade0c9540, 0x000001fade0c9638]
Event: 43.487 Thread 0x000001faf1dfd800 14091       2       com.android.tools.r8.graph.t0$x::<init> (5 bytes)
Event: 43.487 Thread 0x000001faf1dfd800 nmethod 14091 0x000001fade0c9710 code [0x000001fade0c98c0, 0x000001fade0c99b8]
Event: 43.488 Thread 0x000001faf1dfd800 14092       2       com.android.tools.r8.code.K0::<init> (20 bytes)
Event: 43.488 Thread 0x000001faf1dfd800 nmethod 14092 0x000001fade0c9a90 code [0x000001fade0c9c60, 0x000001fade0c9e28]
Event: 43.490 Thread 0x000001faf1dfd800 14093       2       com.android.tools.r8.code.X::<init> (7 bytes)
Event: 43.491 Thread 0x000001faf1dfd800 nmethod 14093 0x000001fade0c9f90 code [0x000001fade0ca160, 0x000001fade0ca328]
Event: 43.491 Thread 0x000001faf1dfd800 14094       2       java.util.AbstractList$SubList$1::hasNext (20 bytes)
Event: 43.491 Thread 0x000001faf1dfd800 nmethod 14094 0x000001fade0ca490 code [0x000001fade0ca640, 0x000001fade0ca788]
Event: 43.491 Thread 0x000001faf1dfd800 14095       2       com.android.tools.r8.code.x::<init> (7 bytes)
Event: 43.491 Thread 0x000001faf1dfd800 nmethod 14095 0x000001fade0ca890 code [0x000001fade0caa60, 0x000001fade0cac98]
Event: 43.492 Thread 0x000001faf1dfd800 14096       2       java.util.AbstractList$RandomAccessSubList::<init> (8 bytes)
Event: 43.492 Thread 0x000001faf1dfd800 nmethod 14096 0x000001fade0cae90 code [0x000001fade0cb040, 0x000001fade0cb1d8]
Event: 43.529 Thread 0x000001faf4d3d800 nmethod 14076 0x000001fae41deb10 code [0x000001fae41ded80, 0x000001fae41e0308]
Event: 43.529 Thread 0x000001faf4d3d800 14049       4       com.android.tools.r8.utils.Z::d (61 bytes)
Event: 43.538 Thread 0x000001faf4d3d800 nmethod 14049 0x000001fae41e1110 code [0x000001fae41e12a0, 0x000001fae41e14f8]
Event: 43.538 Thread 0x000001faf4d3d800 14113 %     4       com.android.tools.r8.dex.n::a @ 315 (913 bytes)
Event: 43.539 Thread 0x000001faf1dfd800 14104       2       com.android.tools.r8.dex.n::i (798 bytes)

GC Heap History (20 events):
Event: 39.591 GC heap after
{Heap after GC invocations=39 (full 0):
 garbage-first heap   total 187392K, used 110893K [0x0000000080000000, 0x0000000100000000)
  region size 1024K, 1 young (1024K), 1 survivors (1024K)
 Metaspace       used 96320K, capacity 98485K, committed 98560K, reserved 1134592K
  class space    used 12036K, capacity 12816K, committed 12876K, reserved 1048576K
}
Event: 40.352 GC heap before
{Heap before GC invocations=39 (full 0):
 garbage-first heap   total 187392K, used 151853K [0x0000000080000000, 0x0000000100000000)
  region size 1024K, 41 young (41984K), 1 survivors (1024K)
 Metaspace       used 97831K, capacity 99966K, committed 100096K, reserved 1136640K
  class space    used 12255K, capacity 13054K, committed 13132K, reserved 1048576K
}
Event: 40.363 GC heap after
{Heap after GC invocations=40 (full 0):
 garbage-first heap   total 187392K, used 119464K [0x0000000080000000, 0x0000000100000000)
  region size 1024K, 6 young (6144K), 6 survivors (6144K)
 Metaspace       used 97831K, capacity 99966K, committed 100096K, reserved 1136640K
  class space    used 12255K, capacity 13054K, committed 13132K, reserved 1048576K
}
Event: 41.142 GC heap before
{Heap before GC invocations=41 (full 0):
 garbage-first heap   total 187392K, used 174760K [0x0000000080000000, 0x0000000100000000)
  region size 1024K, 39 young (39936K), 6 survivors (6144K)
 Metaspace       used 98781K, capacity 100925K, committed 100992K, reserved 1136640K
  class space    used 12389K, capacity 13204K, committed 13260K, reserved 1048576K
}
Event: 41.161 GC heap after
{Heap after GC invocations=42 (full 0):
 garbage-first heap   total 195584K, used 143834K [0x0000000080000000, 0x0000000100000000)
  region size 1024K, 5 young (5120K), 5 survivors (5120K)
 Metaspace       used 98781K, capacity 100925K, committed 100992K, reserved 1136640K
  class space    used 12389K, capacity 13204K, committed 13260K, reserved 1048576K
}
Event: 41.256 GC heap before
{Heap before GC invocations=42 (full 0):
 garbage-first heap   total 195584K, used 147930K [0x0000000080000000, 0x0000000100000000)
  region size 1024K, 9 young (9216K), 5 survivors (5120K)
 Metaspace       used 98797K, capacity 100943K, committed 101248K, reserved 1136640K
  class space    used 12391K, capacity 13207K, committed 13260K, reserved 1048576K
}
Event: 41.278 GC heap after
{Heap after GC invocations=43 (full 0):
 garbage-first heap   total 195584K, used 142857K [0x0000000080000000, 0x0000000100000000)
  region size 1024K, 2 young (2048K), 2 survivors (2048K)
 Metaspace       used 98797K, capacity 100943K, committed 101248K, reserved 1136640K
  class space    used 12391K, capacity 13207K, committed 13260K, reserved 1048576K
}
Event: 41.616 GC heap before
{Heap before GC invocations=43 (full 0):
 garbage-first heap   total 195584K, used 160265K [0x0000000080000000, 0x0000000100000000)
  region size 1024K, 20 young (20480K), 2 survivors (2048K)
 Metaspace       used 98819K, capacity 101025K, committed 101248K, reserved 1136640K
  class space    used 12393K, capacity 13210K, committed 13260K, reserved 1048576K
}
Event: 41.646 GC heap after
{Heap after GC invocations=44 (full 0):
 garbage-first heap   total 195584K, used 151056K [0x0000000080000000, 0x0000000100000000)
  region size 1024K, 3 young (3072K), 3 survivors (3072K)
 Metaspace       used 98819K, capacity 101025K, committed 101248K, reserved 1136640K
  class space    used 12393K, capacity 13210K, committed 13260K, reserved 1048576K
}
Event: 42.301 GC heap before
{Heap before GC invocations=45 (full 0):
 garbage-first heap   total 195584K, used 164368K [0x0000000080000000, 0x0000000100000000)
  region size 1024K, 15 young (15360K), 3 survivors (3072K)
 Metaspace       used 98831K, capacity 101025K, committed 101248K, reserved 1136640K
  class space    used 12395K, capacity 13210K, committed 13260K, reserved 1048576K
}
Event: 42.325 GC heap after
{Heap after GC invocations=46 (full 0):
 garbage-first heap   total 195584K, used 157978K [0x0000000080000000, 0x0000000100000000)
  region size 1024K, 2 young (2048K), 2 survivors (2048K)
 Metaspace       used 98831K, capacity 101025K, committed 101248K, reserved 1136640K
  class space    used 12395K, capacity 13210K, committed 13260K, reserved 1048576K
}
Event: 42.411 GC heap before
{Heap before GC invocations=46 (full 0):
 garbage-first heap   total 195584K, used 165146K [0x0000000080000000, 0x0000000100000000)
  region size 1024K, 9 young (9216K), 2 survivors (2048K)
 Metaspace       used 98844K, capacity 101025K, committed 101248K, reserved 1136640K
  class space    used 12396K, capacity 13210K, committed 13260K, reserved 1048576K
}
Event: 42.433 GC heap after
{Heap after GC invocations=47 (full 0):
 garbage-first heap   total 235520K, used 158227K [0x0000000080000000, 0x0000000100000000)
  region size 1024K, 2 young (2048K), 2 survivors (2048K)
 Metaspace       used 98844K, capacity 101025K, committed 101248K, reserved 1136640K
  class space    used 12396K, capacity 13210K, committed 13260K, reserved 1048576K
}
Event: 42.577 GC heap before
{Heap before GC invocations=47 (full 0):
 garbage-first heap   total 235520K, used 180755K [0x0000000080000000, 0x0000000100000000)
  region size 1024K, 25 young (25600K), 2 survivors (2048K)
 Metaspace       used 98844K, capacity 101025K, committed 101248K, reserved 1136640K
  class space    used 12396K, capacity 13210K, committed 13260K, reserved 1048576K
}
Event: 42.599 GC heap after
{Heap after GC invocations=48 (full 0):
 garbage-first heap   total 235520K, used 165699K [0x0000000080000000, 0x0000000100000000)
  region size 1024K, 4 young (4096K), 4 survivors (4096K)
 Metaspace       used 98844K, capacity 101025K, committed 101248K, reserved 1136640K
  class space    used 12396K, capacity 13210K, committed 13260K, reserved 1048576K
}
Event: 42.722 GC heap before
{Heap before GC invocations=48 (full 0):
 garbage-first heap   total 235520K, used 186179K [0x0000000080000000, 0x0000000100000000)
  region size 1024K, 25 young (25600K), 4 survivors (4096K)
 Metaspace       used 98853K, capacity 101028K, committed 101248K, reserved 1136640K
  class space    used 12398K, capacity 13211K, committed 13260K, reserved 1048576K
}
Event: 42.756 GC heap after
{Heap after GC invocations=49 (full 0):
 garbage-first heap   total 235520K, used 171482K [0x0000000080000000, 0x0000000100000000)
  region size 1024K, 4 young (4096K), 4 survivors (4096K)
 Metaspace       used 98853K, capacity 101028K, committed 101248K, reserved 1136640K
  class space    used 12398K, capacity 13211K, committed 13260K, reserved 1048576K
}
Event: 43.007 GC heap before
{Heap before GC invocations=49 (full 0):
 garbage-first heap   total 235520K, used 190938K [0x0000000080000000, 0x0000000100000000)
  region size 1024K, 24 young (24576K), 4 survivors (4096K)
 Metaspace       used 99880K, capacity 102123K, committed 102272K, reserved 1138688K
  class space    used 12615K, capacity 13428K, committed 13516K, reserved 1048576K
}
Event: 43.026 GC heap after
{Heap after GC invocations=50 (full 0):
 garbage-first heap   total 235520K, used 174281K [0x0000000080000000, 0x0000000100000000)
  region size 1024K, 3 young (3072K), 3 survivors (3072K)
 Metaspace       used 99880K, capacity 102123K, committed 102272K, reserved 1138688K
  class space    used 12615K, capacity 13428K, committed 13516K, reserved 1048576K
}
Event: 43.556 GC heap before
{Heap before GC invocations=50 (full 0):
 garbage-first heap   total 235520K, used 194761K [0x0000000080000000, 0x0000000100000000)
  region size 1024K, 23 young (23552K), 3 survivors (3072K)
 Metaspace       used 100723K, capacity 102992K, committed 103168K, reserved 1138688K
  class space    used 12745K, capacity 13563K, committed 13644K, reserved 1048576K
}

Deoptimization events (20 events):
Event: 42.860 Thread 0x000001faf4d3b800 DEOPT PACKING pc=0x000001fae41810c0 sp=0x00000042367fec80
Event: 42.861 Thread 0x000001faf4d3b800 DEOPT UNPACKING pc=0x000001fadbd274af sp=0x00000042367fec80 mode 2
Event: 43.058 Thread 0x000001faf4d3e000 Uncommon trap: trap_request=0xffffff4d fr.pc=0x000001fae41baef4 relative=0x0000000000000bf4
Event: 43.058 Thread 0x000001faf4d3e000 Uncommon trap: reason=unstable_if action=reinterpret pc=0x000001fae41baef4 method=com.android.tools.r8.dex.n.a(ILjava/util/function/Supplier;)Ljava/lang/Object; @ 1 c2
Event: 43.058 Thread 0x000001faf4d3e000 DEOPT PACKING pc=0x000001fae41baef4 sp=0x00000042366feef0
Event: 43.061 Thread 0x000001faf4d3e000 DEOPT UNPACKING pc=0x000001fadbd274af sp=0x00000042366feef8 mode 2
Event: 43.068 Thread 0x000001faf4d3e000 Uncommon trap: trap_request=0xffffff4d fr.pc=0x000001fae4197aa8 relative=0x00000000000002a8
Event: 43.068 Thread 0x000001faf4d3e000 Uncommon trap: reason=unstable_if action=reinterpret pc=0x000001fae4197aa8 method=com.android.tools.r8.graph.l0.c(Ljava/lang/Object;)Z @ 37 c2
Event: 43.068 Thread 0x000001faf4d3e000 DEOPT PACKING pc=0x000001fae4197aa8 sp=0x00000042366fed90
Event: 43.068 Thread 0x000001faf4d3e000 DEOPT UNPACKING pc=0x000001fadbd274af sp=0x00000042366fed30 mode 2
Event: 43.079 Thread 0x000001faf4d40000 Uncommon trap: trap_request=0xffffff4d fr.pc=0x000001fae419e874 relative=0x00000000000002b4
Event: 43.079 Thread 0x000001faf4d40000 Uncommon trap: reason=unstable_if action=reinterpret pc=0x000001fae419e874 method=com.android.tools.r8.graph.o0.c(Ljava/lang/Object;)Z @ 37 c2
Event: 43.079 Thread 0x000001faf4d40000 DEOPT PACKING pc=0x000001fae419e874 sp=0x00000042369fede0
Event: 43.079 Thread 0x000001faf4d40000 DEOPT UNPACKING pc=0x000001fadbd274af sp=0x00000042369fed80 mode 2
Event: 43.388 Thread 0x000001faf4d3e000 DEOPT PACKING pc=0x000001fade09637e sp=0x00000042366fe8f0
Event: 43.388 Thread 0x000001faf4d3e000 DEOPT UNPACKING pc=0x000001fadbd272ce sp=0x00000042366fde78 mode 0
Event: 43.495 Thread 0x000001faf4d3e000 Uncommon trap: trap_request=0xffffff4d fr.pc=0x000001fae41dd4ec relative=0x000000000000138c
Event: 43.495 Thread 0x000001faf4d3e000 Uncommon trap: reason=unstable_if action=reinterpret pc=0x000001fae41dd4ec method=com.android.tools.r8.dex.n.i()Lcom/android/tools/r8/graph/t0; @ 43 c2
Event: 43.495 Thread 0x000001faf4d3e000 DEOPT PACKING pc=0x000001fae41dd4ec sp=0x00000042366fed00
Event: 43.495 Thread 0x000001faf4d3e000 DEOPT UNPACKING pc=0x000001fadbd274af sp=0x00000042366fece0 mode 2

Classes redefined (0 events):
No events

Internal exceptions (20 events):
Event: 30.401 Thread 0x000001faf4d34800 Implicit null exception at 0x000001fae3ad0b66 to 0x000001fae3ad17a0
Event: 30.402 Thread 0x000001faf4d34800 Implicit null exception at 0x000001fae3ad0b66 to 0x000001fae3ad17a0
Event: 30.402 Thread 0x000001faf4d34800 Implicit null exception at 0x000001fae3ad0b66 to 0x000001fae3ad17a0
Event: 30.402 Thread 0x000001faf4d34800 Implicit null exception at 0x000001fae3ad0b66 to 0x000001fae3ad17a0
Event: 30.974 Thread 0x000001faf4d37800 Exception <a 'java/lang/NoSuchMethodError'{0x0000000088b561f0}: <clinit>> (0x0000000088b561f0) thrown at [./src/hotspot/share/prims/jni.cpp, line 1362]
Event: 31.840 Thread 0x000001faf4d37800 Implicit null exception at 0x000001fae3dd685e to 0x000001fae3dd69a4
Event: 33.435 Thread 0x000001faf4d37800 Implicit null exception at 0x000001fae3f4236c to 0x000001fae3f42e74
Event: 33.437 Thread 0x000001faf4d37800 Implicit null exception at 0x000001fae3ad4914 to 0x000001fae3ad4ed8
Event: 36.048 Thread 0x000001faf467b000 Exception <a 'java/lang/NoSuchMethodError'{0x0000000089f6fe58}: 'void java.lang.invoke.DirectMethodHandle$Holder.invokeStatic(java.lang.Object, java.lang.Object, java.lang.Object, java.lang.Object, int, java.lang.Object)'> (0x0000000089f6fe58) thrown at [./src/hotspot/share/interpreter/linkResolver.cpp, line 773]
Event: 40.011 Thread 0x000001faf4d37000 Exception <a 'sun/nio/fs/WindowsException'{0x0000000089f7ad40}> (0x0000000089f7ad40) thrown at [./src/hotspot/share/prims/jni.cpp, line 615]
Event: 40.233 Thread 0x000001faf4d37000 Exception <a 'java/lang/NoSuchMethodError'{0x00000000894e1b38}: 'int java.lang.invoke.DirectMethodHandle$Holder.invokeVirtual(java.lang.Object, java.lang.Object, java.lang.Object)'> (0x00000000894e1b38) thrown at [./src/hotspot/share/interpreter/linkResolver.cpp, line 773]
Event: 40.732 Thread 0x000001faf4d37000 Exception <a 'java/lang/NoSuchMethodError'{0x000000008b3caa38}: 'java.lang.Object java.lang.invoke.DirectMethodHandle$Holder.invokeStatic(java.lang.Object, java.lang.Object, java.lang.Object, java.lang.Object, java.lang.Object, java.lang.Object, java.lang.Object, java.lang.Object, java.lang.Object, java.lang.Object, java.lang.Object, java.lang.Object, java.lang.Object, java.lang.Object, java.lang.Object, java.lang.Object, java.lang.Object, int, java.lang.Object)'> (0x000000008b3caa38) thrown at [./src/hots
Event: 40.732 Thread 0x000001faf4d37000 Exception <a 'java/lang/NoSuchMethodError'{0x000000008b3d0088}: 'java.lang.Object java.lang.invoke.DirectMethodHandle$Holder.invokeStaticInit(java.lang.Object, java.lang.Object, java.lang.Object, java.lang.Object, java.lang.Object, java.lang.Object, java.lang.Object, java.lang.Object, java.lang.Object, java.lang.Object, java.lang.Object, java.lang.Object, java.lang.Object, java.lang.Object, java.lang.Object, java.lang.Object, java.lang.Object, int, java.lang.Object)'> (0x000000008b3d0088) thrown at [./src/
Event: 40.844 Thread 0x000001faf4d38800 Exception <a 'java/lang/NoSuchMethodError'{0x000000008a46ffe0}: 'int java.lang.invoke.DirectMethodHandle$Holder.invokeSpecial(java.lang.Object, java.lang.Object, java.lang.Object, java.lang.Object, java.lang.Object)'> (0x000000008a46ffe0) thrown at [./src/hotspot/share/interpreter/linkResolver.cpp, line 773]
Event: 41.281 Thread 0x000001faf4d37800 Exception <a 'java/lang/NoSuchMethodError'{0x000000008b643828}: <clinit>> (0x000000008b643828) thrown at [./src/hotspot/share/prims/jni.cpp, line 1362]
Event: 41.281 Thread 0x000001faf4d37800 Exception <a 'java/lang/NoSuchMethodError'{0x000000008b644da8}: <clinit>> (0x000000008b644da8) thrown at [./src/hotspot/share/prims/jni.cpp, line 1362]
Event: 41.281 Thread 0x000001faf4d37800 Exception <a 'java/lang/NoSuchMethodError'{0x000000008b647260}: <clinit>> (0x000000008b647260) thrown at [./src/hotspot/share/prims/jni.cpp, line 1362]
Event: 41.283 Thread 0x000001faf4d37800 Exception <a 'java/lang/NoSuchMethodError'{0x000000008b68e288}: <clinit>> (0x000000008b68e288) thrown at [./src/hotspot/share/prims/jni.cpp, line 1362]
Event: 41.283 Thread 0x000001faf4d37800 Exception <a 'java/lang/NoSuchMethodError'{0x000000008b68f4c0}: <clinit>> (0x000000008b68f4c0) thrown at [./src/hotspot/share/prims/jni.cpp, line 1362]
Event: 42.868 Thread 0x000001faf4d3e000 Exception <a 'java/lang/NoSuchMethodError'{0x000000008dd09df0}: 'java.lang.Object java.lang.invoke.DirectMethodHandle$Holder.newInvokeSpecial(java.lang.Object, int)'> (0x000000008dd09df0) thrown at [./src/hotspot/share/interpreter/linkResolver.cpp, line 773]

Events (20 events):
Event: 43.207 loading class com/android/tools/r8/w/a/a/a/h/f0$d done
Event: 43.207 loading class com/android/tools/r8/w/a/a/a/h/g0
Event: 43.207 loading class com/android/tools/r8/w/a/a/a/h/g0 done
Event: 43.260 loading class com/android/tools/r8/v/a/t/v
Event: 43.260 loading class com/android/tools/r8/v/a/t/v done
Event: 43.261 loading class com/android/tools/r8/v/a/t/k
Event: 43.261 loading class com/android/tools/r8/v/a/t/k done
Event: 43.271 Executing VM operation: RevokeBias
Event: 43.276 Executing coalesced safepoint VM operation: RevokeBias
Event: 43.276 Executing coalesced safepoint VM operation: RevokeBias done
Event: 43.276 Executing VM operation: RevokeBias done
Event: 43.345 loading class com/android/tools/r8/v/a/t/h
Event: 43.345 loading class com/android/tools/r8/v/a/t/h done
Event: 43.391 loading class com/android/tools/r8/v/a/t/i
Event: 43.391 loading class com/android/tools/r8/v/a/t/i done
Event: 43.444 Executing VM operation: CGC_Operation
Event: 43.466 Executing VM operation: CGC_Operation done
Event: 43.486 loading class com/android/tools/r8/graph/t0$a
Event: 43.486 loading class com/android/tools/r8/graph/t0$a done
Event: 43.540 Executing VM operation: G1CollectForAllocation


Dynamic libraries:
0x00007ff744960000 - 0x00007ff74496a000 	C:\Program Files\Android\Android Studio\jre\bin\java.exe
0x00007ffa564d0000 - 0x00007ffa566c5000 	C:\Windows\SYSTEM32\ntdll.dll
0x00007ffa54ca0000 - 0x00007ffa54d5e000 	C:\Windows\System32\KERNEL32.DLL
0x00007ffa53bf0000 - 0x00007ffa53eb9000 	C:\Windows\System32\KERNELBASE.dll
0x00007ffa541b0000 - 0x00007ffa542b0000 	C:\Windows\System32\ucrtbase.dll
0x00007ffa30510000 - 0x00007ffa30529000 	C:\Program Files\Android\Android Studio\jre\bin\jli.dll
0x00007ffa54980000 - 0x00007ffa54b21000 	C:\Windows\System32\USER32.dll
0x00007ffa54070000 - 0x00007ffa54092000 	C:\Windows\System32\win32u.dll
0x00007ffa545a0000 - 0x00007ffa545cb000 	C:\Windows\System32\GDI32.dll
0x00007ffa542b0000 - 0x00007ffa543bb000 	C:\Windows\System32\gdi32full.dll
0x00007ffa53ec0000 - 0x00007ffa53f5d000 	C:\Windows\System32\msvcp_win.dll
0x00007ffa27ab0000 - 0x00007ffa27ac7000 	C:\Program Files\Android\Android Studio\jre\bin\VCRUNTIME140.dll
0x00007ffa52ff0000 - 0x00007ffa5328a000 	C:\Windows\WinSxS\amd64_microsoft.windows.common-controls_6595b64144ccf1df_6.0.19041.1110_none_60b5254171f9507e\COMCTL32.dll
0x00007ffa563f0000 - 0x00007ffa5648e000 	C:\Windows\System32\msvcrt.dll
0x00007ffa54c70000 - 0x00007ffa54ca0000 	C:\Windows\System32\IMM32.DLL
0x00007ffa16510000 - 0x00007ffa165ad000 	C:\Program Files\Android\Android Studio\jre\bin\msvcp140.dll
0x00007ff9f1a70000 - 0x00007ff9f252c000 	C:\Program Files\Android\Android Studio\jre\bin\server\jvm.dll
0x00007ffa55db0000 - 0x00007ffa55e5c000 	C:\Windows\System32\ADVAPI32.dll
0x00007ffa559b0000 - 0x00007ffa55a4b000 	C:\Windows\System32\sechost.dll
0x00007ffa54850000 - 0x00007ffa5497a000 	C:\Windows\System32\RPCRT4.dll
0x00007ffa55880000 - 0x00007ffa55888000 	C:\Windows\System32\PSAPI.DLL
0x00007ffa40ef0000 - 0x00007ffa40ef9000 	C:\Windows\SYSTEM32\WSOCK32.dll
0x00007ffa54b30000 - 0x00007ffa54b9b000 	C:\Windows\System32\WS2_32.dll
0x00007ffa415f0000 - 0x00007ffa41617000 	C:\Windows\SYSTEM32\WINMM.dll
0x00007ffa523d0000 - 0x00007ffa523da000 	C:\Windows\SYSTEM32\VERSION.dll
0x00007ffa52390000 - 0x00007ffa523a2000 	C:\Windows\SYSTEM32\kernel.appcore.dll
0x00007ffa4cd50000 - 0x00007ffa4cd61000 	C:\Program Files\Android\Android Studio\jre\bin\verify.dll
0x00007ffa53610000 - 0x00007ffa537f4000 	C:\Windows\SYSTEM32\DBGHELP.DLL
0x00007ffa53560000 - 0x00007ffa5358c000 	C:\Windows\SYSTEM32\dbgcore.DLL
0x00007ffa540a0000 - 0x00007ffa54123000 	C:\Windows\System32\bcryptPrimitives.dll
0x00007ffa4bdc0000 - 0x00007ffa4bde9000 	C:\Program Files\Android\Android Studio\jre\bin\java.dll
0x00007ffa4f450000 - 0x00007ffa4f45b000 	C:\Program Files\Android\Android Studio\jre\bin\jimage.dll
0x00007ffa48c40000 - 0x00007ffa48c58000 	C:\Program Files\Android\Android Studio\jre\bin\zip.dll
0x00007ffa55030000 - 0x00007ffa5576f000 	C:\Windows\System32\SHELL32.dll
0x00007ffa512e0000 - 0x00007ffa51a70000 	C:\Windows\SYSTEM32\windows.storage.dll
0x00007ffa55a50000 - 0x00007ffa55da5000 	C:\Windows\System32\combase.dll
0x00007ffa52f50000 - 0x00007ffa52f7c000 	C:\Windows\SYSTEM32\Wldp.dll
0x00007ffa562e0000 - 0x00007ffa5638d000 	C:\Windows\System32\SHCORE.dll
0x00007ffa56390000 - 0x00007ffa563e5000 	C:\Windows\System32\shlwapi.dll
0x00007ffa53b30000 - 0x00007ffa53b4f000 	C:\Windows\SYSTEM32\profapi.dll
0x00007ffa46400000 - 0x00007ffa4641a000 	C:\Program Files\Android\Android Studio\jre\bin\net.dll
0x00007ffa481a0000 - 0x00007ffa482a8000 	C:\Windows\SYSTEM32\WINHTTP.dll
0x00007ffa52e50000 - 0x00007ffa52eba000 	C:\Windows\system32\mswsock.dll
0x00007ffa463e0000 - 0x00007ffa463f4000 	C:\Program Files\Android\Android Studio\jre\bin\nio.dll
0x00007ffa27d20000 - 0x00007ffa27d47000 	C:\Users\DELL\.gradle\native\fdc75f09e3144964f2cf3f50f0aa648679c211496f362492102eb8c894070792\windows-amd64\native-platform.dll
0x00007ffa17030000 - 0x00007ffa171c6000 	C:\Users\DELL\.gradle\native\12488b8bf47d2d4c9fbf2f6322a914ad602e24e48041cd04a747c6da556b65c4\windows-amd64\native-platform-file-events.dll
0x00007ffa4bec0000 - 0x00007ffa4beca000 	C:\Program Files\Android\Android Studio\jre\bin\management.dll
0x00007ffa4bd80000 - 0x00007ffa4bd8c000 	C:\Program Files\Android\Android Studio\jre\bin\management_ext.dll
0x00007ffa53970000 - 0x00007ffa53988000 	C:\Windows\SYSTEM32\CRYPTSP.dll
0x00007ffa52650000 - 0x00007ffa52684000 	C:\Windows\system32\rsaenh.dll
0x00007ffa54180000 - 0x00007ffa541a7000 	C:\Windows\System32\bcrypt.dll
0x00007ffa53ab0000 - 0x00007ffa53ade000 	C:\Windows\SYSTEM32\USERENV.dll
0x00007ffa52f40000 - 0x00007ffa52f4c000 	C:\Windows\SYSTEM32\CRYPTBASE.dll
0x00007ffa529a0000 - 0x00007ffa529db000 	C:\Windows\SYSTEM32\IPHLPAPI.DLL
0x00007ffa547e0000 - 0x00007ffa547e8000 	C:\Windows\System32\NSI.dll
0x00007ffa4bd40000 - 0x00007ffa4bd57000 	C:\Windows\SYSTEM32\dhcpcsvc6.DLL
0x00007ffa4bcb0000 - 0x00007ffa4bccd000 	C:\Windows\SYSTEM32\dhcpcsvc.DLL
0x00007ffa529e0000 - 0x00007ffa52aac000 	C:\Windows\SYSTEM32\DNSAPI.dll
0x00007ffa4bdf0000 - 0x00007ffa4bdfb000 	C:\Windows\SYSTEM32\WINNSI.DLL

dbghelp: loaded successfully - version: 4.0.5 - missing functions: none
symbol engine: initialized successfully - sym options: 0x614 - pdb path: .;C:\Program Files\Android\Android Studio\jre\bin;C:\Windows\SYSTEM32;C:\Windows\WinSxS\amd64_microsoft.windows.common-controls_6595b64144ccf1df_6.0.19041.1110_none_60b5254171f9507e;C:\Program Files\Android\Android Studio\jre\bin\server;C:\Users\DELL\.gradle\native\fdc75f09e3144964f2cf3f50f0aa648679c211496f362492102eb8c894070792\windows-amd64;C:\Users\DELL\.gradle\native\12488b8bf47d2d4c9fbf2f6322a914ad602e24e48041cd04a747c6da556b65c4\windows-amd64

VM Arguments:
jvm_args: --add-opens=java.base/java.util=ALL-UNNAMED --add-opens=java.base/java.lang=ALL-UNNAMED --add-opens=java.base/java.lang.invoke=ALL-UNNAMED --add-opens=java.prefs/java.util.prefs=ALL-UNNAMED -Xmx2048m -Dfile.encoding=UTF-8 -Duser.country=US -Duser.language=en -Duser.variant 
java_command: org.gradle.launcher.daemon.bootstrap.GradleDaemon 6.7.1
java_class_path (initial): C:\Users\DELL\.gradle\wrapper\dists\gradle-6.7.1-bin\bwlcbys1h7rz3272sye1xwiv6\gradle-6.7.1\lib\gradle-launcher-6.7.1.jar
Launcher Type: SUN_STANDARD

[Global flags]
     intx CICompilerCount                          = 3                                         {product} {ergonomic}
     uint ConcGCThreads                            = 1                                         {product} {ergonomic}
     uint G1ConcRefinementThreads                  = 4                                         {product} {ergonomic}
   size_t G1HeapRegionSize                         = 1048576                                   {product} {ergonomic}
    uintx GCDrainStackTargetSize                   = 64                                        {product} {ergonomic}
   size_t InitialHeapSize                          = 132120576                                 {product} {ergonomic}
   size_t MarkStackSize                            = 4194304                                   {product} {ergonomic}
   size_t MaxHeapSize                              = 2147483648                                {product} {command line}
   size_t MaxNewSize                               = 1287651328                                {product} {ergonomic}
   size_t MinHeapDeltaBytes                        = 1048576                                   {product} {ergonomic}
    uintx NonNMethodCodeHeapSize                   = 5830732                                {pd product} {ergonomic}
    uintx NonProfiledCodeHeapSize                  = 122913754                              {pd product} {ergonomic}
    uintx ProfiledCodeHeapSize                     = 122913754                              {pd product} {ergonomic}
    uintx ReservedCodeCacheSize                    = 251658240                              {pd product} {ergonomic}
     bool SegmentedCodeCache                       = true                                      {product} {ergonomic}
     bool UseCompressedClassPointers               = true                                 {lp64_product} {ergonomic}
     bool UseCompressedOops                        = true                                 {lp64_product} {ergonomic}
     bool UseG1GC                                  = true                                      {product} {ergonomic}
     bool UseLargePagesIndividualAllocation        = false                                  {pd product} {ergonomic}

Logging:
Log output configuration:
 #0: stdout all=warning uptime,level,tags
 #1: stderr all=off uptime,level,tags

Environment Variables:
JAVA_HOME=C:\IDEJava\Java\jdk-191
PATH=C:\ProgramData\Anaconda3\Scripts;C:\ProgramData\Anaconda3;C:\Program Files (x86)\Common Files\Oracle\Java\javapath;C:\Program Files (x86)\Intel\iCLS Client\;C:\Program Files\Intel\iCLS Client\;C:\Windows\system32;C:\Windows;C:\Windows\System32\Wbem;C:\Windows\System32\WindowsPowerShell\v1.0\;C:\Program Files (x86)\Intel\Intel(R) Management Engine Components\DAL;C:\Program Files\Intel\Intel(R) Management Engine Components\DAL;C:\Program Files (x86)\Intel\Intel(R) Management Engine Components\IPT;C:\Program Files\Intel\Intel(R) Management Engine Components\IPT;C:\Program Files\Microsoft SQL Server\130\Tools\Binn\;C:\Windows\System32\OpenSSH\;C:\IDEJava\Java\jdk-191\bin;C:\Program Files\Microsoft SQL Server\120\DTS\Binn\;C:\Program Files\Microsoft SQL Server\Client SDK\ODBC\110\Tools\Binn\;C:\Program Files (x86)\Microsoft SQL Server\120\Tools\Binn\;C:\Program Files\Microsoft SQL Server\120\Tools\Binn\;C:\Program Files\nodejs\;C:\ProgramData\chocolatey\bin;C:\Program Files (x86)\Microsoft SQL Server\120\Tools\Binn\ManagementStudio\;C:\Program Files (x86)\Microsoft SQL Server\120\DTS\Binn\;C:\Program Files\Git\cmd;C:\Program Files\dotnet\;C:\Program Files (x86)\dotnet\;C:\ProgramData\Anaconda3\Scripts;C:\ProgramData\Anaconda3;C:\Users\DELL\AppData\Local\Programs\Python\Python37-32\Scripts\;C:\Users\DELL\AppData\Local\Programs\Python\Python37-32\;C:\Program Files (x86)\Microsoft Visual Studio\Common\Tools\WinNT;C:\Program Files (x86)\Microsoft Visual Studio\Common\MSDev98\Bin;C:\Program Files (x86)\Microsoft Visual Studio\Common\Tools;C:\Program Files (x86)\Microsoft Visual Studio\VC98\bin;C:\Users\DELL\AppData\Local\Microsoft\WindowsApps;E:\code\New folder\IntelliJ IDEA Community Edition 2019.1.2\bin;C:\Users\DELL\AppData\Local\GitHubDesktop\bin;C:\Users\DELL\AppData\Local\Microsoft\WindowsApps;E:\code\PyCharm\bin;;C:\Users\DELL\AppData\Roaming\npm;C:\Program Files\heroku\bin;C:\Users\DELL\AppData\Local\Programs\Microsoft VS Code\bin;C:\Users\DELL\.dotnet\tools
USERNAME=DELL
OS=Windows_NT
PROCESSOR_IDENTIFIER=Intel64 Family 6 Model 142 Stepping 9, GenuineIntel



---------------  S Y S T E M  ---------------

OS: Windows 10 , 64 bit Build 19041 (10.0.19041.1202)
OS uptime: 6 days 2:55 hours

CPU:total 4 (initial active 4) (2 cores per cpu, 2 threads per core) family 6 model 142 stepping 9, cmov, cx8, fxsr, mmx, sse, sse2, sse3, ssse3, sse4.1, sse4.2, popcnt, avx, avx2, aes, clmul, erms, 3dnowpref, lzcnt, ht, tsc, tscinvbit, bmi1, bmi2, adx, fma

Memory: 4k page, system-wide physical 8057M (535M free)
TotalPageFile size 12057M (AvailPageFile size 4M)
current process WorkingSet (physical memory assigned to process): 494M, peak: 513M
current process commit charge ("private bytes"): 635M, peak: 635M

vm_info: OpenJDK 64-Bit Server VM (11.0.8+10-b944.6842174) for windows-amd64 JRE (11.0.8+10-b944.6842174), built on Sep 19 2020 01:11:42 by "builder" with MS VC++ 14.0 (VS2015)

END.
